2025-04-26 09:20:44 INFO: Epoch 001 - Loss: 13.3562
2025-04-26 09:20:44 INFO: Epoch 002 - Loss: 7.5661
2025-04-26 09:20:45 INFO: Epoch 003 - Loss: 7.0723
2025-04-26 09:20:45 INFO: Epoch 004 - Loss: 4.5418
2025-04-26 09:20:45 INFO: Epoch 005 - Loss: 3.7460
2025-04-26 09:20:46 INFO: Epoch 006 - Loss: 5.5197
2025-04-26 09:20:46 INFO: Epoch 007 - Loss: 3.3993
2025-04-26 09:20:46 INFO: Epoch 008 - Loss: 3.0529
2025-04-26 09:20:46 INFO: Epoch 009 - Loss: 4.2501
2025-04-26 09:20:47 INFO: Epoch 010 - Loss: 3.1304
2025-04-26 09:20:47 INFO: Epoch 011 - Loss: 1.9142
2025-04-26 09:20:47 INFO: Epoch 012 - Loss: 3.5472
2025-04-26 09:20:47 INFO: Epoch 013 - Loss: 2.4817
2025-04-26 09:20:48 INFO: Epoch 014 - Loss: 4.1829
2025-04-26 09:20:48 INFO: Epoch 015 - Loss: 5.8320
2025-04-26 09:20:48 INFO: Epoch 016 - Loss: 3.3017
2025-04-26 09:20:49 INFO: Epoch 017 - Loss: 2.1326
2025-04-26 09:20:49 INFO: Epoch 018 - Loss: 3.3208
2025-04-26 09:20:49 INFO: Epoch 019 - Loss: 0.8033
2025-04-26 09:20:50 INFO: Epoch 020 - Loss: 1.4952
2025-04-26 09:20:50 INFO: Epoch 021 - Loss: 3.1584
2025-04-26 09:20:50 INFO: Epoch 022 - Loss: 2.2916
2025-04-26 09:20:50 INFO: Epoch 023 - Loss: 3.2934
2025-04-26 09:20:51 INFO: Epoch 024 - Loss: 1.3755
2025-04-26 09:20:51 INFO: Epoch 025 - Loss: 1.0214
2025-04-26 09:20:51 INFO: Epoch 026 - Loss: 0.7358
2025-04-26 09:20:52 INFO: Epoch 027 - Loss: 0.1307
2025-04-26 09:20:52 INFO: Epoch 028 - Loss: 5.3932
2025-04-26 09:20:52 INFO: Epoch 029 - Loss: 2.5896
2025-04-26 09:20:53 INFO: Epoch 030 - Loss: 2.0904
2025-04-26 09:20:53 INFO: Epoch 031 - Loss: 0.9501
2025-04-26 09:20:53 INFO: Epoch 032 - Loss: 0.1088
2025-04-26 09:20:54 INFO: Epoch 033 - Loss: 2.1051
2025-04-26 09:20:54 INFO: Epoch 034 - Loss: 1.0401
2025-04-26 09:20:54 INFO: Epoch 035 - Loss: 0.2248
2025-04-26 09:20:54 INFO: Epoch 036 - Loss: 0.1053
2025-04-26 09:20:55 INFO: Epoch 037 - Loss: 0.4017
2025-04-26 09:20:55 INFO: Epoch 038 - Loss: 0.2149
2025-04-26 09:20:56 INFO: Epoch 039 - Loss: 0.3880
2025-04-26 09:20:56 INFO: Epoch 040 - Loss: 2.8559
2025-04-26 09:20:56 INFO: Epoch 041 - Loss: 3.5329
2025-04-26 09:20:57 INFO: Epoch 042 - Loss: 5.2982
2025-04-26 09:20:57 INFO: Epoch 043 - Loss: 2.7836
2025-04-26 09:20:57 INFO: Epoch 044 - Loss: 0.4655
2025-04-26 09:20:58 INFO: Epoch 045 - Loss: 0.3373
2025-04-26 09:20:58 INFO: Epoch 046 - Loss: 0.0337
2025-04-26 09:20:58 INFO: Epoch 047 - Loss: 1.0210
2025-04-26 09:20:59 INFO: Epoch 048 - Loss: 1.5592
2025-04-26 09:20:59 INFO: Epoch 049 - Loss: 1.5688
2025-04-26 09:20:59 INFO: Epoch 050 - Loss: 0.4996
2025-04-26 09:21:00 INFO: Epoch 051 - Loss: 4.3231
2025-04-26 09:21:00 INFO: Epoch 052 - Loss: 0.7203
2025-04-26 09:21:00 INFO: Epoch 053 - Loss: 1.2466
2025-04-26 09:21:01 INFO: Epoch 054 - Loss: 0.3287
2025-04-26 09:21:01 INFO: Epoch 055 - Loss: 0.0741
2025-04-26 09:21:02 INFO: Epoch 056 - Loss: 0.0339
2025-04-26 09:21:02 INFO: Epoch 057 - Loss: 0.0069
2025-04-26 09:21:02 INFO: Epoch 058 - Loss: 0.0928
2025-04-26 09:21:03 INFO: Epoch 059 - Loss: 0.4695
2025-04-26 09:21:03 INFO: Epoch 060 - Loss: 0.3135
2025-04-26 09:21:03 INFO: Epoch 061 - Loss: 0.4281
2025-04-26 09:21:04 INFO: Epoch 062 - Loss: 0.8176
2025-04-26 09:21:04 INFO: Epoch 063 - Loss: 1.1410
2025-04-26 09:21:05 INFO: Epoch 064 - Loss: 0.2062
2025-04-26 09:21:05 INFO: Epoch 065 - Loss: 0.1167
2025-04-26 09:21:06 INFO: Epoch 066 - Loss: 0.2789
2025-04-26 09:21:06 INFO: Epoch 067 - Loss: 0.5869
2025-04-26 09:21:07 INFO: Epoch 068 - Loss: 1.0845
2025-04-26 09:21:07 INFO: Epoch 069 - Loss: 1.7924
2025-04-26 09:21:08 INFO: Epoch 070 - Loss: 8.5385
2025-04-26 09:21:08 INFO: Epoch 071 - Loss: 1.7827
2025-04-26 09:21:09 INFO: Epoch 072 - Loss: 0.1258
2025-04-26 09:21:09 INFO: Epoch 073 - Loss: 0.5803
2025-04-26 09:21:10 INFO: Epoch 074 - Loss: 1.2945
2025-04-26 09:21:10 INFO: Epoch 075 - Loss: 0.6667
2025-04-26 09:21:11 INFO: Epoch 076 - Loss: 0.0285
2025-04-26 09:21:11 INFO: Epoch 077 - Loss: 0.0211
2025-04-26 09:21:12 INFO: Epoch 078 - Loss: 0.1676
2025-04-26 09:21:12 INFO: Epoch 079 - Loss: 0.3457
2025-04-26 09:21:13 INFO: Epoch 080 - Loss: 18.3320
2025-04-26 09:21:13 INFO: Epoch 081 - Loss: 2.9386
2025-04-26 09:21:14 INFO: Epoch 082 - Loss: 0.9468
2025-04-26 09:21:14 INFO: Epoch 083 - Loss: 1.1987
2025-04-26 09:21:15 INFO: Epoch 084 - Loss: 0.2050
2025-04-26 09:21:15 INFO: Epoch 085 - Loss: 0.4035
2025-04-26 09:21:16 INFO: Epoch 086 - Loss: 3.3121
2025-04-26 09:21:16 INFO: Epoch 087 - Loss: 1.0085
2025-04-26 09:21:17 INFO: Epoch 088 - Loss: 4.9555
2025-04-26 09:21:17 INFO: Epoch 089 - Loss: 0.9860
2025-04-26 09:21:18 INFO: Epoch 090 - Loss: 0.4359
2025-04-26 09:21:18 INFO: Epoch 091 - Loss: 0.3861
2025-04-26 09:21:19 INFO: Epoch 092 - Loss: 0.2502
2025-04-26 09:21:19 INFO: Epoch 093 - Loss: 0.0671
2025-04-26 09:21:20 INFO: Epoch 094 - Loss: 0.0976
2025-04-26 09:21:20 INFO: Epoch 095 - Loss: 0.0383
2025-04-26 09:21:21 INFO: Epoch 096 - Loss: 0.0276
2025-04-26 09:21:21 INFO: Epoch 097 - Loss: 0.0786
2025-04-26 09:21:22 INFO: Epoch 098 - Loss: 0.0099
2025-04-26 09:21:22 INFO: Epoch 099 - Loss: 0.5766
2025-04-26 09:21:23 INFO: Epoch 100 - Loss: 0.2752
2025-04-26 09:21:23 INFO: Test Accuracy: 95.39%
2025-04-26 09:21:23 INFO: Confusion Matrix:
[[115   1]
 [  9  92]]
2025-04-26 12:24:51 INFO: Epoch 001 - Loss: 14.7388
2025-04-26 12:24:51 INFO: Epoch 002 - Loss: 8.2944
2025-04-26 12:24:52 INFO: Epoch 003 - Loss: 5.6445
2025-04-26 12:24:52 INFO: Epoch 004 - Loss: 4.3093
2025-04-26 12:24:52 INFO: Epoch 005 - Loss: 3.5985
2025-04-26 12:24:52 INFO: Epoch 006 - Loss: 3.2117
2025-04-26 12:24:53 INFO: Epoch 007 - Loss: 3.3430
2025-04-26 12:24:53 INFO: Epoch 008 - Loss: 2.5463
2025-04-26 12:24:53 INFO: Epoch 009 - Loss: 2.4150
2025-04-26 12:24:53 INFO: Epoch 010 - Loss: 2.0067
2025-04-26 12:24:53 INFO: Epoch 011 - Loss: 1.8379
2025-04-26 12:24:54 INFO: Epoch 012 - Loss: 2.8891
2025-04-26 12:24:54 INFO: Epoch 013 - Loss: 2.8976
2025-04-26 12:24:54 INFO: Epoch 014 - Loss: 1.6849
2025-04-26 12:24:54 INFO: Epoch 015 - Loss: 0.9317
2025-04-26 12:24:55 INFO: Epoch 016 - Loss: 2.1896
2025-04-26 12:24:55 INFO: Epoch 017 - Loss: 1.5726
2025-04-26 12:24:55 INFO: Epoch 018 - Loss: 0.6614
2025-04-26 12:24:55 INFO: Epoch 019 - Loss: 0.1876
2025-04-26 12:24:55 INFO: Epoch 020 - Loss: 0.7466
2025-04-26 12:24:56 INFO: Epoch 021 - Loss: 1.6747
2025-04-26 12:24:56 INFO: Epoch 022 - Loss: 0.6725
2025-04-26 12:24:56 INFO: Epoch 023 - Loss: 1.0549
2025-04-26 12:24:56 INFO: Epoch 024 - Loss: 1.4895
2025-04-26 12:24:57 INFO: Epoch 025 - Loss: 0.7632
2025-04-26 12:24:57 INFO: Epoch 026 - Loss: 1.5985
2025-04-26 12:24:57 INFO: Epoch 027 - Loss: 0.2262
2025-04-26 12:24:57 INFO: Epoch 028 - Loss: 0.0120
2025-04-26 12:24:58 INFO: Epoch 029 - Loss: 0.0131
2025-04-26 12:24:58 INFO: Epoch 030 - Loss: 0.0369
2025-04-26 12:24:58 INFO: Epoch 031 - Loss: 0.0009
2025-04-26 12:24:58 INFO: Epoch 032 - Loss: 0.0005
2025-04-26 12:24:59 INFO: Epoch 033 - Loss: 0.0010
2025-04-26 12:24:59 INFO: Epoch 034 - Loss: 2.1804
2025-04-26 12:24:59 INFO: Epoch 035 - Loss: 1.6621
2025-04-26 12:25:00 INFO: Epoch 036 - Loss: 0.7213
2025-04-26 12:25:00 INFO: Epoch 037 - Loss: 0.3143
2025-04-26 12:25:00 INFO: Epoch 038 - Loss: 0.3598
2025-04-26 12:25:00 INFO: Epoch 039 - Loss: 0.7463
2025-04-26 12:25:01 INFO: Epoch 040 - Loss: 0.3737
2025-04-26 12:25:01 INFO: Epoch 041 - Loss: 0.2420
2025-04-26 12:25:01 INFO: Epoch 042 - Loss: 0.2868
2025-04-26 12:25:01 INFO: Epoch 043 - Loss: 0.1321
2025-04-26 12:25:02 INFO: Epoch 044 - Loss: 0.3050
2025-04-26 12:25:02 INFO: Epoch 045 - Loss: 0.0582
2025-04-26 12:25:02 INFO: Epoch 046 - Loss: 0.0114
2025-04-26 12:25:02 INFO: Epoch 047 - Loss: 0.0031
2025-04-26 12:25:03 INFO: Epoch 048 - Loss: 0.5606
2025-04-26 12:25:03 INFO: Epoch 049 - Loss: 0.7549
2025-04-26 12:25:03 INFO: Epoch 050 - Loss: 0.0335
2025-04-26 12:25:04 INFO: Epoch 051 - Loss: 2.4865
2025-04-26 12:25:04 INFO: Epoch 052 - Loss: 0.8733
2025-04-26 12:25:04 INFO: Epoch 053 - Loss: 0.2953
2025-04-26 12:25:04 INFO: Epoch 054 - Loss: 0.0832
2025-04-26 12:25:05 INFO: Epoch 055 - Loss: 0.0446
2025-04-26 12:25:05 INFO: Epoch 056 - Loss: 0.4456
2025-04-26 12:25:05 INFO: Epoch 057 - Loss: 0.4310
2025-04-26 12:25:05 INFO: Epoch 058 - Loss: 0.7079
2025-04-26 12:25:06 INFO: Epoch 059 - Loss: 0.0128
2025-04-26 12:25:06 INFO: Epoch 060 - Loss: 0.0169
2025-04-26 12:25:06 INFO: Epoch 061 - Loss: 0.0471
2025-04-26 12:25:07 INFO: Epoch 062 - Loss: 0.0091
2025-04-26 12:25:07 INFO: Epoch 063 - Loss: 0.3821
2025-04-26 12:25:07 INFO: Epoch 064 - Loss: 0.0102
2025-04-26 12:25:07 INFO: Epoch 065 - Loss: 0.0034
2025-04-26 12:25:08 INFO: Epoch 066 - Loss: 0.0007
2025-04-26 12:25:08 INFO: Epoch 067 - Loss: 0.0011
2025-04-26 12:25:08 INFO: Epoch 068 - Loss: 0.0174
2025-04-26 12:25:09 INFO: Epoch 069 - Loss: 1.2337
2025-04-26 12:25:09 INFO: Epoch 070 - Loss: 8.3879
2025-04-26 12:25:09 INFO: Epoch 071 - Loss: 3.2360
2025-04-26 12:25:10 INFO: Epoch 072 - Loss: 2.1666
2025-04-26 12:25:10 INFO: Epoch 073 - Loss: 0.4235
2025-04-26 12:25:10 INFO: Epoch 074 - Loss: 0.1474
2025-04-26 12:25:10 INFO: Epoch 075 - Loss: 0.3521
2025-04-26 12:25:11 INFO: Epoch 076 - Loss: 1.7290
2025-04-26 12:25:11 INFO: Epoch 077 - Loss: 0.5453
2025-04-26 12:25:11 INFO: Epoch 078 - Loss: 0.2332
2025-04-26 12:25:11 INFO: Epoch 079 - Loss: 0.0740
2025-04-26 12:25:12 INFO: Epoch 080 - Loss: 0.0157
2025-04-26 12:25:12 INFO: Epoch 081 - Loss: 0.0055
2025-04-26 12:25:12 INFO: Epoch 082 - Loss: 0.0109
2025-04-26 12:25:13 INFO: Epoch 083 - Loss: 0.0041
2025-04-26 12:25:13 INFO: Epoch 084 - Loss: 0.0020
2025-04-26 12:25:13 INFO: Epoch 085 - Loss: 0.1917
2025-04-26 12:25:13 INFO: Epoch 086 - Loss: 0.0051
2025-04-26 12:25:14 INFO: Epoch 087 - Loss: 0.2052
2025-04-26 12:25:14 INFO: Epoch 088 - Loss: 5.2404
2025-04-26 12:25:14 INFO: Epoch 089 - Loss: 3.0620
2025-04-26 12:25:15 INFO: Epoch 090 - Loss: 0.7617
2025-04-26 12:25:15 INFO: Epoch 091 - Loss: 0.4816
2025-04-26 12:25:15 INFO: Epoch 092 - Loss: 0.2162
2025-04-26 12:25:15 INFO: Epoch 093 - Loss: 0.8050
2025-04-26 12:25:16 INFO: Epoch 094 - Loss: 0.2168
2025-04-26 12:25:16 INFO: Epoch 095 - Loss: 0.0766
2025-04-26 12:25:16 INFO: Epoch 096 - Loss: 0.0921
2025-04-26 12:25:17 INFO: Epoch 097 - Loss: 0.0503
2025-04-26 12:25:17 INFO: Epoch 098 - Loss: 0.3684
2025-04-26 12:25:17 INFO: Epoch 099 - Loss: 0.0966
2025-04-26 12:25:18 INFO: Epoch 100 - Loss: 0.2529
2025-04-26 12:25:18 INFO: Test Accuracy: 95.85%
2025-04-26 12:25:18 INFO: Confusion Matrix:
[[113   3]
 [  6  95]]
2025-05-04 20:31:26 INFO: Epoch 001 - Loss: 16.6109
2025-05-04 20:31:26 INFO: Epoch 002 - Loss: 7.3054
2025-05-04 20:31:26 INFO: Epoch 003 - Loss: 5.5971
2025-05-04 20:31:26 INFO: Epoch 004 - Loss: 4.3660
2025-05-04 20:31:27 INFO: Epoch 005 - Loss: 4.0484
2025-05-04 20:31:27 INFO: Epoch 006 - Loss: 4.1930
2025-05-04 20:31:27 INFO: Epoch 007 - Loss: 3.9825
2025-05-04 20:31:27 INFO: Epoch 008 - Loss: 2.4076
2025-05-04 20:31:27 INFO: Epoch 009 - Loss: 3.2970
2025-05-04 20:31:28 INFO: Epoch 010 - Loss: 3.6436
2025-05-04 20:31:28 INFO: Epoch 011 - Loss: 2.8081
2025-05-04 20:31:28 INFO: Epoch 012 - Loss: 1.6916
2025-05-04 20:31:28 INFO: Epoch 013 - Loss: 2.4166
2025-05-04 20:31:29 INFO: Epoch 014 - Loss: 5.5644
2025-05-04 20:31:29 INFO: Epoch 015 - Loss: 2.0715
2025-05-04 20:31:29 INFO: Epoch 016 - Loss: 1.9742
2025-05-04 20:31:29 INFO: Epoch 017 - Loss: 1.5181
2025-05-04 20:31:30 INFO: Epoch 018 - Loss: 0.9836
2025-05-04 20:31:30 INFO: Epoch 019 - Loss: 0.9704
2025-05-04 20:31:30 INFO: Epoch 020 - Loss: 1.3397
2025-05-04 20:31:30 INFO: Epoch 021 - Loss: 0.5106
2025-05-04 20:31:31 INFO: Epoch 022 - Loss: 0.5308
2025-05-04 20:31:31 INFO: Epoch 023 - Loss: 0.6710
2025-05-04 20:31:31 INFO: Epoch 024 - Loss: 0.6046
2025-05-04 20:31:32 INFO: Epoch 025 - Loss: 0.1069
2025-05-04 20:31:32 INFO: Epoch 026 - Loss: 0.1378
2025-05-04 20:31:32 INFO: Epoch 027 - Loss: 0.3415
2025-05-04 20:31:33 INFO: Epoch 028 - Loss: 2.3130
2025-05-04 20:31:33 INFO: Epoch 029 - Loss: 1.1612
2025-05-04 20:31:33 INFO: Epoch 030 - Loss: 1.2474
2025-05-04 20:31:34 INFO: Epoch 031 - Loss: 0.3522
2025-05-04 20:31:34 INFO: Epoch 032 - Loss: 0.1423
2025-05-04 20:31:34 INFO: Epoch 033 - Loss: 0.2925
2025-05-04 20:31:35 INFO: Epoch 034 - Loss: 0.4146
2025-05-04 20:31:35 INFO: Epoch 035 - Loss: 0.3414
2025-05-04 20:31:35 INFO: Epoch 036 - Loss: 0.0631
2025-05-04 20:31:36 INFO: Epoch 037 - Loss: 0.4881
2025-05-04 20:31:36 INFO: Epoch 038 - Loss: 2.3476
2025-05-04 20:31:36 INFO: Epoch 039 - Loss: 1.7730
2025-05-04 20:31:37 INFO: Epoch 040 - Loss: 0.4845
2025-05-04 20:31:37 INFO: Epoch 041 - Loss: 0.3524
2025-05-04 20:31:38 INFO: Epoch 042 - Loss: 0.6973
2025-05-04 20:31:38 INFO: Epoch 043 - Loss: 0.1172
2025-05-04 20:31:38 INFO: Epoch 044 - Loss: 0.0415
2025-05-04 20:31:39 INFO: Epoch 045 - Loss: 0.0901
2025-05-04 20:31:39 INFO: Epoch 046 - Loss: 0.1509
2025-05-04 20:31:40 INFO: Epoch 047 - Loss: 0.7749
2025-05-04 20:31:40 INFO: Epoch 048 - Loss: 1.2494
2025-05-04 20:31:40 INFO: Epoch 049 - Loss: 1.5701
2025-05-04 20:31:41 INFO: Epoch 050 - Loss: 0.9594
2025-05-04 20:31:41 INFO: Epoch 051 - Loss: 0.0927
2025-05-04 20:31:41 INFO: Epoch 052 - Loss: 0.0310
2025-05-04 20:31:42 INFO: Epoch 053 - Loss: 0.0084
2025-05-04 20:31:42 INFO: Epoch 054 - Loss: 0.0701
2025-05-04 20:31:43 INFO: Epoch 055 - Loss: 1.2434
2025-05-04 20:31:43 INFO: Epoch 056 - Loss: 0.2755
2025-05-04 20:31:43 INFO: Epoch 057 - Loss: 0.1213
2025-05-04 20:31:43 INFO: Epoch 058 - Loss: 0.0146
2025-05-04 20:31:44 INFO: Epoch 059 - Loss: 0.0171
2025-05-04 20:31:44 INFO: Epoch 060 - Loss: 7.0361
2025-05-04 20:31:44 INFO: Epoch 061 - Loss: 3.9528
2025-05-04 20:31:45 INFO: Epoch 062 - Loss: 0.8570
2025-05-04 20:31:45 INFO: Epoch 063 - Loss: 0.9875
2025-05-04 20:31:45 INFO: Epoch 064 - Loss: 0.4226
2025-05-04 20:31:45 INFO: Epoch 065 - Loss: 0.1234
2025-05-04 20:31:46 INFO: Epoch 066 - Loss: 1.1584
2025-05-04 20:31:46 INFO: Epoch 067 - Loss: 0.9837
2025-05-04 20:31:46 INFO: Epoch 068 - Loss: 0.1832
2025-05-04 20:31:47 INFO: Epoch 069 - Loss: 0.0551
2025-05-04 20:31:47 INFO: Epoch 070 - Loss: 0.0129
2025-05-04 20:31:47 INFO: Epoch 071 - Loss: 0.0192
2025-05-04 20:31:48 INFO: Epoch 072 - Loss: 0.0634
2025-05-04 20:31:48 INFO: Epoch 073 - Loss: 0.0031
2025-05-04 20:31:48 INFO: Epoch 074 - Loss: 0.0015
2025-05-04 20:31:49 INFO: Epoch 075 - Loss: 0.0022
2025-05-04 20:31:49 INFO: Epoch 076 - Loss: 0.0016
2025-05-04 20:31:49 INFO: Epoch 077 - Loss: 0.0040
2025-05-04 20:31:50 INFO: Epoch 078 - Loss: 0.0014
2025-05-04 20:31:50 INFO: Epoch 079 - Loss: 0.0180
2025-05-04 20:31:50 INFO: Epoch 080 - Loss: 0.0001
2025-05-04 20:31:51 INFO: Epoch 081 - Loss: 0.0003
2025-05-04 20:31:51 INFO: Epoch 082 - Loss: 0.0021
2025-05-04 20:31:51 INFO: Epoch 083 - Loss: 0.0019
2025-05-04 20:31:52 INFO: Epoch 084 - Loss: 0.6000
2025-05-04 20:31:52 INFO: Epoch 085 - Loss: 0.1823
2025-05-04 20:31:52 INFO: Epoch 086 - Loss: 1.0651
2025-05-04 20:31:53 INFO: Epoch 087 - Loss: 0.2943
2025-05-04 20:31:53 INFO: Epoch 088 - Loss: 4.0253
2025-05-04 20:31:53 INFO: Epoch 089 - Loss: 1.9039
2025-05-04 20:31:54 INFO: Epoch 090 - Loss: 0.9432
2025-05-04 20:31:54 INFO: Epoch 091 - Loss: 0.6937
2025-05-04 20:31:54 INFO: Epoch 092 - Loss: 0.3509
2025-05-04 20:31:54 INFO: Epoch 093 - Loss: 1.2060
2025-05-04 20:31:55 INFO: Epoch 094 - Loss: 0.1483
2025-05-04 20:31:55 INFO: Epoch 095 - Loss: 0.2420
2025-05-04 20:31:55 INFO: Epoch 096 - Loss: 0.1695
2025-05-04 20:31:56 INFO: Epoch 097 - Loss: 0.1958
2025-05-04 20:31:56 INFO: Epoch 098 - Loss: 0.2353
2025-05-04 20:31:56 INFO: Epoch 099 - Loss: 0.2166
2025-05-04 20:31:56 INFO: Epoch 100 - Loss: 1.0294
2025-05-04 20:31:56 INFO: Test Accuracy: 95.39%
2025-05-04 20:31:56 INFO: Confusion Matrix:
[[113   3]
 [  7  94]]
2025-05-04 20:31:57 INFO: 
Performance Metrics per Class:
          Class  Precision   Recall  F1-Score
Non-Epitope (0)   0.941667 0.974138  0.957627
    Epitope (1)   0.969072 0.930693  0.949495
2025-05-04 20:36:09 INFO: Epoch 001 - Loss: 14.0062
2025-05-04 20:36:09 INFO: Epoch 002 - Loss: 8.7067
2025-05-04 20:36:09 INFO: Epoch 003 - Loss: 6.2446
2025-05-04 20:36:09 INFO: Epoch 004 - Loss: 4.7658
2025-05-04 20:36:10 INFO: Epoch 005 - Loss: 4.2833
2025-05-04 20:36:10 INFO: Epoch 006 - Loss: 3.4554
2025-05-04 20:36:10 INFO: Epoch 007 - Loss: 2.4945
2025-05-04 20:36:11 INFO: Epoch 008 - Loss: 3.1019
2025-05-04 20:36:11 INFO: Epoch 009 - Loss: 2.5464
2025-05-04 20:36:11 INFO: Epoch 010 - Loss: 1.5117
2025-05-04 20:36:11 INFO: Epoch 011 - Loss: 2.3820
2025-05-04 20:36:12 INFO: Epoch 012 - Loss: 1.3900
2025-05-04 20:36:12 INFO: Epoch 013 - Loss: 1.6564
2025-05-04 20:36:12 INFO: Epoch 014 - Loss: 3.6589
2025-05-04 20:36:12 INFO: Epoch 015 - Loss: 3.4722
2025-05-04 20:36:13 INFO: Epoch 016 - Loss: 1.7389
2025-05-04 20:36:13 INFO: Epoch 017 - Loss: 1.3598
2025-05-04 20:36:13 INFO: Epoch 018 - Loss: 1.6349
2025-05-04 20:36:14 INFO: Epoch 019 - Loss: 1.1781
2025-05-04 20:36:14 INFO: Epoch 020 - Loss: 0.5569
2025-05-04 20:36:14 INFO: Epoch 021 - Loss: 1.0471
2025-05-04 20:36:14 INFO: Epoch 022 - Loss: 0.6161
2025-05-04 20:36:15 INFO: Epoch 023 - Loss: 1.7562
2025-05-04 20:36:15 INFO: Epoch 024 - Loss: 0.8544
2025-05-04 20:36:15 INFO: Epoch 025 - Loss: 0.2697
2025-05-04 20:36:16 INFO: Epoch 026 - Loss: 1.9466
2025-05-04 20:36:16 INFO: Epoch 027 - Loss: 0.5693
2025-05-04 20:36:16 INFO: Epoch 028 - Loss: 0.3956
2025-05-04 20:36:16 INFO: Epoch 029 - Loss: 0.2164
2025-05-04 20:36:17 INFO: Epoch 030 - Loss: 1.7564
2025-05-04 20:36:17 INFO: Epoch 031 - Loss: 0.5014
2025-05-04 20:36:17 INFO: Epoch 032 - Loss: 0.6590
2025-05-04 20:36:18 INFO: Epoch 033 - Loss: 0.3762
2025-05-04 20:36:18 INFO: Epoch 034 - Loss: 0.1368
2025-05-04 20:36:18 INFO: Epoch 035 - Loss: 0.0888
2025-05-04 20:36:18 INFO: Epoch 036 - Loss: 0.0778
2025-05-04 20:36:19 INFO: Epoch 037 - Loss: 1.3623
2025-05-04 20:36:19 INFO: Epoch 038 - Loss: 1.4421
2025-05-04 20:36:19 INFO: Epoch 039 - Loss: 0.9321
2025-05-04 20:36:19 INFO: Epoch 040 - Loss: 0.6889
2025-05-04 20:36:20 INFO: Epoch 041 - Loss: 0.1720
2025-05-04 20:36:20 INFO: Epoch 042 - Loss: 0.0617
2025-05-04 20:36:20 INFO: Epoch 043 - Loss: 0.0121
2025-05-04 20:36:21 INFO: Epoch 044 - Loss: 0.0036
2025-05-04 20:36:21 INFO: Epoch 045 - Loss: 0.8772
2025-05-04 20:36:21 INFO: Epoch 046 - Loss: 1.2668
2025-05-04 20:36:21 INFO: Epoch 047 - Loss: 0.3288
2025-05-04 20:36:22 INFO: Epoch 048 - Loss: 1.6528
2025-05-04 20:36:22 INFO: Epoch 049 - Loss: 0.3461
2025-05-04 20:36:22 INFO: Epoch 050 - Loss: 0.0203
2025-05-04 20:36:23 INFO: Epoch 051 - Loss: 0.9667
2025-05-04 20:36:23 INFO: Epoch 052 - Loss: 1.3329
2025-05-04 20:36:23 INFO: Epoch 053 - Loss: 0.5071
2025-05-04 20:36:24 INFO: Epoch 054 - Loss: 0.2334
2025-05-04 20:36:24 INFO: Epoch 055 - Loss: 0.3705
2025-05-04 20:36:24 INFO: Epoch 056 - Loss: 0.2364
2025-05-04 20:36:24 INFO: Epoch 057 - Loss: 0.0321
2025-05-04 20:36:25 INFO: Epoch 058 - Loss: 0.4079
2025-05-04 20:36:25 INFO: Epoch 059 - Loss: 0.1199
2025-05-04 20:36:25 INFO: Epoch 060 - Loss: 2.0271
2025-05-04 20:36:26 INFO: Epoch 061 - Loss: 0.9869
2025-05-04 20:36:26 INFO: Epoch 062 - Loss: 0.1150
2025-05-04 20:36:26 INFO: Epoch 063 - Loss: 0.0406
2025-05-04 20:36:27 INFO: Epoch 064 - Loss: 0.0119
2025-05-04 20:36:27 INFO: Epoch 065 - Loss: 0.0232
2025-05-04 20:36:27 INFO: Epoch 066 - Loss: 0.0007
2025-05-04 20:36:27 INFO: Epoch 067 - Loss: 0.0019
2025-05-04 20:36:28 INFO: Epoch 068 - Loss: 0.0174
2025-05-04 20:36:28 INFO: Epoch 069 - Loss: 0.3397
2025-05-04 20:36:28 INFO: Epoch 070 - Loss: 0.1545
2025-05-04 20:36:29 INFO: Epoch 071 - Loss: 4.2817
2025-05-04 20:36:29 INFO: Epoch 072 - Loss: 0.5505
2025-05-04 20:36:29 INFO: Epoch 073 - Loss: 1.3500
2025-05-04 20:36:30 INFO: Epoch 074 - Loss: 0.0645
2025-05-04 20:36:30 INFO: Epoch 075 - Loss: 1.0414
2025-05-04 20:36:30 INFO: Epoch 076 - Loss: 0.0860
2025-05-04 20:36:31 INFO: Epoch 077 - Loss: 0.0130
2025-05-04 20:36:31 INFO: Epoch 078 - Loss: 0.0125
2025-05-04 20:36:31 INFO: Epoch 079 - Loss: 0.0064
2025-05-04 20:36:31 INFO: Epoch 080 - Loss: 0.0029
2025-05-04 20:36:32 INFO: Epoch 081 - Loss: 0.0070
2025-05-04 20:36:32 INFO: Epoch 082 - Loss: 0.0043
2025-05-04 20:36:32 INFO: Epoch 083 - Loss: 0.0067
2025-05-04 20:36:33 INFO: Epoch 084 - Loss: 0.0034
2025-05-04 20:36:33 INFO: Epoch 085 - Loss: 0.0037
2025-05-04 20:36:33 INFO: Epoch 086 - Loss: 0.4179
2025-05-04 20:36:34 INFO: Epoch 087 - Loss: 1.3444
2025-05-04 20:36:34 INFO: Epoch 088 - Loss: 0.3664
2025-05-04 20:36:34 INFO: Epoch 089 - Loss: 0.0259
2025-05-04 20:36:35 INFO: Epoch 090 - Loss: 0.0434
2025-05-04 20:36:35 INFO: Epoch 091 - Loss: 0.0256
2025-05-04 20:36:35 INFO: Epoch 092 - Loss: 0.0026
2025-05-04 20:36:36 INFO: Epoch 093 - Loss: 0.0023
2025-05-04 20:36:36 INFO: Epoch 094 - Loss: 0.0016
2025-05-04 20:36:36 INFO: Epoch 095 - Loss: 0.0017
2025-05-04 20:36:37 INFO: Epoch 096 - Loss: 0.0016
2025-05-04 20:36:37 INFO: Epoch 097 - Loss: 0.0065
2025-05-04 20:36:38 INFO: Epoch 098 - Loss: 0.8898
2025-05-04 20:36:38 INFO: Epoch 099 - Loss: 0.2905
2025-05-04 20:36:38 INFO: Epoch 100 - Loss: 0.4751
2025-05-04 20:36:38 INFO: Test Accuracy: 92.17%
2025-05-04 20:36:38 INFO: Confusion Matrix:
[[115   1]
 [ 16  85]]
2025-05-04 20:36:38 INFO: AUC-ROC Score: 0.9884
2025-05-04 20:36:46 INFO: Epoch 001 - Loss: 14.3596
2025-05-04 20:36:46 INFO: Epoch 002 - Loss: 7.2493
2025-05-04 20:36:46 INFO: Epoch 003 - Loss: 5.9393
2025-05-04 20:36:46 INFO: Epoch 004 - Loss: 4.5603
2025-05-04 20:36:47 INFO: Epoch 005 - Loss: 3.9111
2025-05-04 20:36:47 INFO: Epoch 006 - Loss: 3.8336
2025-05-04 20:36:47 INFO: Epoch 007 - Loss: 2.6703
2025-05-04 20:36:47 INFO: Epoch 008 - Loss: 3.7085
2025-05-04 20:36:48 INFO: Epoch 009 - Loss: 4.7521
2025-05-04 20:36:48 INFO: Epoch 010 - Loss: 2.3927
2025-05-04 20:36:48 INFO: Epoch 011 - Loss: 2.0318
2025-05-04 20:36:48 INFO: Epoch 012 - Loss: 1.3550
2025-05-04 20:36:49 INFO: Epoch 013 - Loss: 1.1807
2025-05-04 20:36:49 INFO: Epoch 014 - Loss: 2.0682
2025-05-04 20:36:49 INFO: Epoch 015 - Loss: 4.1166
2025-05-04 20:36:49 INFO: Epoch 016 - Loss: 4.4259
2025-05-04 20:36:50 INFO: Epoch 017 - Loss: 1.7616
2025-05-04 20:36:50 INFO: Epoch 018 - Loss: 0.9384
2025-05-04 20:36:50 INFO: Epoch 019 - Loss: 0.4728
2025-05-04 20:36:50 INFO: Epoch 020 - Loss: 0.7881
2025-05-04 20:36:51 INFO: Epoch 021 - Loss: 1.3905
2025-05-04 20:36:51 INFO: Epoch 022 - Loss: 0.8556
2025-05-04 20:36:51 INFO: Epoch 023 - Loss: 0.5800
2025-05-04 20:36:51 INFO: Epoch 024 - Loss: 1.0062
2025-05-04 20:36:52 INFO: Epoch 025 - Loss: 2.9979
2025-05-04 20:36:52 INFO: Epoch 026 - Loss: 0.7136
2025-05-04 20:36:52 INFO: Epoch 027 - Loss: 0.0227
2025-05-04 20:36:53 INFO: Epoch 028 - Loss: 0.0065
2025-05-04 20:36:53 INFO: Epoch 029 - Loss: 0.0053
2025-05-04 20:36:53 INFO: Epoch 030 - Loss: 0.0024
2025-05-04 20:36:53 INFO: Epoch 031 - Loss: 0.0038
2025-05-04 20:36:54 INFO: Epoch 032 - Loss: 0.0030
2025-05-04 20:36:54 INFO: Epoch 033 - Loss: 0.0025
2025-05-04 20:36:54 INFO: Epoch 034 - Loss: 0.0024
2025-05-04 20:36:55 INFO: Epoch 035 - Loss: 0.0014
2025-05-04 20:36:55 INFO: Epoch 036 - Loss: 0.0104
2025-05-04 20:36:55 INFO: Epoch 037 - Loss: 1.0565
2025-05-04 20:36:56 INFO: Epoch 038 - Loss: 3.6702
2025-05-04 20:36:56 INFO: Epoch 039 - Loss: 2.2910
2025-05-04 20:36:56 INFO: Epoch 040 - Loss: 2.0761
2025-05-04 20:36:56 INFO: Epoch 041 - Loss: 0.7011
2025-05-04 20:36:57 INFO: Epoch 042 - Loss: 1.4988
2025-05-04 20:36:57 INFO: Epoch 043 - Loss: 0.5207
2025-05-04 20:36:57 INFO: Epoch 044 - Loss: 0.9103
2025-05-04 20:36:57 INFO: Epoch 045 - Loss: 0.8369
2025-05-04 20:36:58 INFO: Epoch 046 - Loss: 0.4213
2025-05-04 20:36:58 INFO: Epoch 047 - Loss: 0.1639
2025-05-04 20:36:58 INFO: Epoch 048 - Loss: 0.0322
2025-05-04 20:36:59 INFO: Epoch 049 - Loss: 0.0236
2025-05-04 20:36:59 INFO: Epoch 050 - Loss: 0.0092
2025-05-04 20:36:59 INFO: Epoch 051 - Loss: 0.0032
2025-05-04 20:36:59 INFO: Epoch 052 - Loss: 0.0081
2025-05-04 20:37:00 INFO: Epoch 053 - Loss: 0.0034
2025-05-04 20:37:00 INFO: Epoch 054 - Loss: 0.0030
2025-05-04 20:37:00 INFO: Epoch 055 - Loss: 0.0020
2025-05-04 20:37:01 INFO: Epoch 056 - Loss: 0.0126
2025-05-04 20:37:01 INFO: Epoch 057 - Loss: 0.0012
2025-05-04 20:37:01 INFO: Epoch 058 - Loss: 0.0349
2025-05-04 20:37:01 INFO: Epoch 059 - Loss: 0.0012
2025-05-04 20:37:02 INFO: Epoch 060 - Loss: 0.0012
2025-05-04 20:37:02 INFO: Epoch 061 - Loss: 2.9558
2025-05-04 20:37:02 INFO: Epoch 062 - Loss: 0.9663
2025-05-04 20:37:03 INFO: Epoch 063 - Loss: 0.6880
2025-05-04 20:37:03 INFO: Epoch 064 - Loss: 1.2886
2025-05-04 20:37:03 INFO: Epoch 065 - Loss: 0.6020
2025-05-04 20:37:04 INFO: Epoch 066 - Loss: 0.4333
2025-05-04 20:37:04 INFO: Epoch 067 - Loss: 0.1619
2025-05-04 20:37:04 INFO: Epoch 068 - Loss: 0.4289
2025-05-04 20:37:04 INFO: Epoch 069 - Loss: 2.3006
2025-05-04 20:37:05 INFO: Epoch 070 - Loss: 0.6448
2025-05-04 20:37:05 INFO: Epoch 071 - Loss: 0.3444
2025-05-04 20:37:05 INFO: Epoch 072 - Loss: 0.2036
2025-05-04 20:37:06 INFO: Epoch 073 - Loss: 0.1075
2025-05-04 20:37:06 INFO: Epoch 074 - Loss: 0.0414
2025-05-04 20:37:06 INFO: Epoch 075 - Loss: 0.6874
2025-05-04 20:37:06 INFO: Epoch 076 - Loss: 0.1184
2025-05-04 20:37:07 INFO: Epoch 077 - Loss: 0.1474
2025-05-04 20:37:07 INFO: Epoch 078 - Loss: 0.8592
2025-05-04 20:37:07 INFO: Epoch 079 - Loss: 0.2183
2025-05-04 20:37:08 INFO: Epoch 080 - Loss: 0.5120
2025-05-04 20:37:08 INFO: Epoch 081 - Loss: 0.0481
2025-05-04 20:37:08 INFO: Epoch 082 - Loss: 0.0331
2025-05-04 20:37:08 INFO: Epoch 083 - Loss: 0.0247
2025-05-04 20:37:09 INFO: Epoch 084 - Loss: 0.0044
2025-05-04 20:37:09 INFO: Epoch 085 - Loss: 0.0032
2025-05-04 20:37:09 INFO: Epoch 086 - Loss: 0.2015
2025-05-04 20:37:10 INFO: Epoch 087 - Loss: 0.0590
2025-05-04 20:37:10 INFO: Epoch 088 - Loss: 0.0156
2025-05-04 20:37:10 INFO: Epoch 089 - Loss: 0.0376
2025-05-04 20:37:11 INFO: Epoch 090 - Loss: 0.0128
2025-05-04 20:37:11 INFO: Epoch 091 - Loss: 0.0021
2025-05-04 20:37:11 INFO: Epoch 092 - Loss: 0.0002
2025-05-04 20:37:12 INFO: Epoch 093 - Loss: 0.0001
2025-05-04 20:37:12 INFO: Epoch 094 - Loss: 0.0002
2025-05-04 20:37:12 INFO: Epoch 095 - Loss: 0.0007
2025-05-04 20:37:13 INFO: Epoch 096 - Loss: 0.0189
2025-05-04 20:37:13 INFO: Epoch 097 - Loss: 0.0001
2025-05-04 20:37:14 INFO: Epoch 098 - Loss: 0.0008
2025-05-04 20:37:14 INFO: Epoch 099 - Loss: 0.0002
2025-05-04 20:37:14 INFO: Epoch 100 - Loss: 0.0001
2025-05-04 20:37:14 INFO: Test Accuracy: 96.31%
2025-05-04 20:37:14 INFO: Confusion Matrix:
[[113   3]
 [  5  96]]
2025-05-04 20:37:14 INFO: AUC-ROC Score: 0.9921
2025-05-04 20:37:22 INFO: Epoch 001 - Loss: 16.5296
2025-05-04 20:37:22 INFO: Epoch 002 - Loss: 7.9247
2025-05-04 20:37:22 INFO: Epoch 003 - Loss: 5.4501
2025-05-04 20:37:22 INFO: Epoch 004 - Loss: 4.7098
2025-05-04 20:37:23 INFO: Epoch 005 - Loss: 3.9481
2025-05-04 20:37:23 INFO: Epoch 006 - Loss: 3.4762
2025-05-04 20:37:23 INFO: Epoch 007 - Loss: 3.0455
2025-05-04 20:37:23 INFO: Epoch 008 - Loss: 2.7504
2025-05-04 20:37:24 INFO: Epoch 009 - Loss: 2.2302
2025-05-04 20:37:24 INFO: Epoch 010 - Loss: 1.7779
2025-05-04 20:37:24 INFO: Epoch 011 - Loss: 1.4736
2025-05-04 20:37:24 INFO: Epoch 012 - Loss: 1.5553
2025-05-04 20:37:25 INFO: Epoch 013 - Loss: 1.7791
2025-05-04 20:37:25 INFO: Epoch 014 - Loss: 1.2760
2025-05-04 20:37:25 INFO: Epoch 015 - Loss: 1.3050
2025-05-04 20:37:25 INFO: Epoch 016 - Loss: 1.3531
2025-05-04 20:37:26 INFO: Epoch 017 - Loss: 0.8804
2025-05-04 20:37:26 INFO: Epoch 018 - Loss: 0.2380
2025-05-04 20:37:26 INFO: Epoch 019 - Loss: 0.9801
2025-05-04 20:37:26 INFO: Epoch 020 - Loss: 3.3348
2025-05-04 20:37:27 INFO: Epoch 021 - Loss: 1.6704
2025-05-04 20:37:27 INFO: Epoch 022 - Loss: 0.7799
2025-05-04 20:37:27 INFO: Epoch 023 - Loss: 0.2746
2025-05-04 20:37:27 INFO: Epoch 024 - Loss: 0.2176
2025-05-04 20:37:28 INFO: Epoch 025 - Loss: 2.6954
2025-05-04 20:37:28 INFO: Epoch 026 - Loss: 1.2121
2025-05-04 20:37:28 INFO: Epoch 027 - Loss: 0.1994
2025-05-04 20:37:29 INFO: Epoch 028 - Loss: 1.7391
2025-05-04 20:37:29 INFO: Epoch 029 - Loss: 1.8269
2025-05-04 20:37:29 INFO: Epoch 030 - Loss: 0.8984
2025-05-04 20:37:30 INFO: Epoch 031 - Loss: 0.5220
2025-05-04 20:37:30 INFO: Epoch 032 - Loss: 0.2413
2025-05-04 20:37:30 INFO: Epoch 033 - Loss: 0.1105
2025-05-04 20:37:30 INFO: Epoch 034 - Loss: 0.3360
2025-05-04 20:37:31 INFO: Epoch 035 - Loss: 0.5429
2025-05-04 20:37:31 INFO: Epoch 036 - Loss: 0.5350
2025-05-04 20:37:31 INFO: Epoch 037 - Loss: 0.3208
2025-05-04 20:37:31 INFO: Epoch 038 - Loss: 0.5726
2025-05-04 20:37:32 INFO: Epoch 039 - Loss: 1.9514
2025-05-04 20:37:32 INFO: Epoch 040 - Loss: 0.4985
2025-05-04 20:37:32 INFO: Epoch 041 - Loss: 0.8705
2025-05-04 20:37:33 INFO: Epoch 042 - Loss: 0.2194
2025-05-04 20:37:33 INFO: Epoch 043 - Loss: 1.1164
2025-05-04 20:37:33 INFO: Epoch 044 - Loss: 0.5879
2025-05-04 20:37:33 INFO: Epoch 045 - Loss: 0.1280
2025-05-04 20:37:34 INFO: Epoch 046 - Loss: 0.0386
2025-05-04 20:37:34 INFO: Epoch 047 - Loss: 0.0133
2025-05-04 20:37:34 INFO: Epoch 048 - Loss: 0.0042
2025-05-04 20:37:34 INFO: Epoch 049 - Loss: 0.0288
2025-05-04 20:37:35 INFO: Epoch 050 - Loss: 0.3548
2025-05-04 20:37:35 INFO: Epoch 051 - Loss: 0.0049
2025-05-04 20:37:35 INFO: Epoch 052 - Loss: 0.6270
2025-05-04 20:37:36 INFO: Epoch 053 - Loss: 0.9796
2025-05-04 20:37:36 INFO: Epoch 054 - Loss: 0.2250
2025-05-04 20:37:36 INFO: Epoch 055 - Loss: 0.0634
2025-05-04 20:37:36 INFO: Epoch 056 - Loss: 0.0131
2025-05-04 20:37:37 INFO: Epoch 057 - Loss: 0.0033
2025-05-04 20:37:37 INFO: Epoch 058 - Loss: 0.6789
2025-05-04 20:37:37 INFO: Epoch 059 - Loss: 0.0491
2025-05-04 20:37:38 INFO: Epoch 060 - Loss: 0.1118
2025-05-04 20:37:38 INFO: Epoch 061 - Loss: 2.7727
2025-05-04 20:37:38 INFO: Epoch 062 - Loss: 1.4063
2025-05-04 20:37:38 INFO: Epoch 063 - Loss: 0.5226
2025-05-04 20:37:39 INFO: Epoch 064 - Loss: 1.2177
2025-05-04 20:37:39 INFO: Epoch 065 - Loss: 0.3308
2025-05-04 20:37:39 INFO: Epoch 066 - Loss: 0.1636
2025-05-04 20:37:40 INFO: Epoch 067 - Loss: 0.0450
2025-05-04 20:37:40 INFO: Epoch 068 - Loss: 0.0064
2025-05-04 20:37:40 INFO: Epoch 069 - Loss: 0.0015
2025-05-04 20:37:40 INFO: Epoch 070 - Loss: 0.0013
2025-05-04 20:37:41 INFO: Epoch 071 - Loss: 0.0179
2025-05-04 20:37:41 INFO: Epoch 072 - Loss: 0.0046
2025-05-04 20:37:42 INFO: Epoch 073 - Loss: 0.0007
2025-05-04 20:37:42 INFO: Epoch 074 - Loss: 0.0010
2025-05-04 20:37:42 INFO: Epoch 075 - Loss: 0.1240
2025-05-04 20:37:43 INFO: Epoch 076 - Loss: 3.1590
2025-05-04 20:37:43 INFO: Epoch 077 - Loss: 1.0316
2025-05-04 20:37:43 INFO: Epoch 078 - Loss: 0.6872
2025-05-04 20:37:44 INFO: Epoch 079 - Loss: 0.0298
2025-05-04 20:37:44 INFO: Epoch 080 - Loss: 0.0195
2025-05-04 20:37:44 INFO: Epoch 081 - Loss: 0.0012
2025-05-04 20:37:45 INFO: Epoch 082 - Loss: 0.9499
2025-05-04 20:37:45 INFO: Epoch 083 - Loss: 0.0207
2025-05-04 20:37:45 INFO: Epoch 084 - Loss: 0.0005
2025-05-04 20:37:46 INFO: Epoch 085 - Loss: 0.0281
2025-05-04 20:37:46 INFO: Epoch 086 - Loss: 3.2451
2025-05-04 20:37:46 INFO: Epoch 087 - Loss: 1.0875
2025-05-04 20:37:47 INFO: Epoch 088 - Loss: 0.3270
2025-05-04 20:37:47 INFO: Epoch 089 - Loss: 1.8701
2025-05-04 20:37:47 INFO: Epoch 090 - Loss: 1.0936
2025-05-04 20:37:48 INFO: Epoch 091 - Loss: 0.4049
2025-05-04 20:37:48 INFO: Epoch 092 - Loss: 0.4922
2025-05-04 20:37:48 INFO: Epoch 093 - Loss: 0.1272
2025-05-04 20:37:49 INFO: Epoch 094 - Loss: 0.1559
2025-05-04 20:37:49 INFO: Epoch 095 - Loss: 0.1935
2025-05-04 20:37:49 INFO: Epoch 096 - Loss: 1.4683
2025-05-04 20:37:50 INFO: Epoch 097 - Loss: 0.3984
2025-05-04 20:37:50 INFO: Epoch 098 - Loss: 0.0686
2025-05-04 20:37:50 INFO: Epoch 099 - Loss: 0.0334
2025-05-04 20:37:50 INFO: Epoch 100 - Loss: 0.0039
2025-05-04 20:37:50 INFO: Test Accuracy: 94.93%
2025-05-04 20:37:50 INFO: Confusion Matrix:
[[114   2]
 [  9  92]]
2025-05-04 20:37:51 INFO: AUC-ROC Score: 0.9965
