2025-04-26 12:13:11 INFO: Epoch 001 - Loss: 10.1933
2025-04-26 12:13:11 INFO: Epoch 002 - Loss: 5.7372
2025-04-26 12:13:11 INFO: Epoch 003 - Loss: 4.6248
2025-04-26 12:13:11 INFO: Epoch 004 - Loss: 3.9427
2025-04-26 12:13:11 INFO: Epoch 005 - Loss: 3.5141
2025-04-26 12:13:11 INFO: Epoch 006 - Loss: 3.0599
2025-04-26 12:13:11 INFO: Epoch 007 - Loss: 3.0188
2025-04-26 12:13:11 INFO: Epoch 008 - Loss: 3.2675
2025-04-26 12:13:11 INFO: Epoch 009 - Loss: 2.1561
2025-04-26 12:13:11 INFO: Epoch 010 - Loss: 1.9670
2025-04-26 12:13:12 INFO: Epoch 011 - Loss: 1.6918
2025-04-26 12:13:12 INFO: Epoch 012 - Loss: 1.5426
2025-04-26 12:13:12 INFO: Epoch 013 - Loss: 1.4682
2025-04-26 12:13:12 INFO: Epoch 014 - Loss: 1.3611
2025-04-26 12:13:12 INFO: Epoch 015 - Loss: 1.1035
2025-04-26 12:13:12 INFO: Epoch 016 - Loss: 0.9904
2025-04-26 12:13:12 INFO: Epoch 017 - Loss: 1.0654
2025-04-26 12:13:12 INFO: Epoch 018 - Loss: 0.7915
2025-04-26 12:13:12 INFO: Epoch 019 - Loss: 0.7669
2025-04-26 12:13:12 INFO: Epoch 020 - Loss: 0.6745
2025-04-26 12:13:12 INFO: Epoch 021 - Loss: 0.4833
2025-04-26 12:13:13 INFO: Epoch 022 - Loss: 0.3993
2025-04-26 12:13:13 INFO: Epoch 023 - Loss: 0.3842
2025-04-26 12:13:13 INFO: Epoch 024 - Loss: 0.5216
2025-04-26 12:13:13 INFO: Epoch 025 - Loss: 0.6271
2025-04-26 12:13:13 INFO: Epoch 026 - Loss: 0.6955
2025-04-26 12:13:13 INFO: Epoch 027 - Loss: 0.5884
2025-04-26 12:13:13 INFO: Epoch 028 - Loss: 0.8325
2025-04-26 12:13:13 INFO: Epoch 029 - Loss: 0.3925
2025-04-26 12:13:13 INFO: Epoch 030 - Loss: 0.3110
2025-04-26 12:13:14 INFO: Epoch 031 - Loss: 0.2221
2025-04-26 12:13:14 INFO: Epoch 032 - Loss: 0.1174
2025-04-26 12:13:14 INFO: Epoch 033 - Loss: 0.0835
2025-04-26 12:13:14 INFO: Epoch 034 - Loss: 0.0743
2025-04-26 12:13:14 INFO: Epoch 035 - Loss: 0.0651
2025-04-26 12:13:14 INFO: Epoch 036 - Loss: 0.0600
2025-04-26 12:13:14 INFO: Epoch 037 - Loss: 0.0526
2025-04-26 12:13:14 INFO: Epoch 038 - Loss: 0.0492
2025-04-26 12:13:14 INFO: Epoch 039 - Loss: 0.0457
2025-04-26 12:13:14 INFO: Epoch 040 - Loss: 0.0418
2025-04-26 12:13:15 INFO: Epoch 041 - Loss: 0.0380
2025-04-26 12:13:15 INFO: Epoch 042 - Loss: 0.0372
2025-04-26 12:13:15 INFO: Epoch 043 - Loss: 0.0361
2025-04-26 12:13:15 INFO: Epoch 044 - Loss: 0.0302
2025-04-26 12:13:15 INFO: Epoch 045 - Loss: 0.0297
2025-04-26 12:13:15 INFO: Epoch 046 - Loss: 0.0268
2025-04-26 12:13:15 INFO: Epoch 047 - Loss: 0.0254
2025-04-26 12:13:15 INFO: Epoch 048 - Loss: 0.0249
2025-04-26 12:13:15 INFO: Epoch 049 - Loss: 0.0229
2025-04-26 12:13:16 INFO: Epoch 050 - Loss: 0.0223
2025-04-26 12:13:16 INFO: Epoch 051 - Loss: 0.0204
2025-04-26 12:13:16 INFO: Epoch 052 - Loss: 0.0200
2025-04-26 12:13:16 INFO: Epoch 053 - Loss: 0.0180
2025-04-26 12:13:16 INFO: Epoch 054 - Loss: 0.0170
2025-04-26 12:13:16 INFO: Epoch 055 - Loss: 0.0163
2025-04-26 12:13:16 INFO: Epoch 056 - Loss: 0.0155
2025-04-26 12:13:16 INFO: Epoch 057 - Loss: 0.0180
2025-04-26 12:13:16 INFO: Epoch 058 - Loss: 0.0181
2025-04-26 12:13:17 INFO: Epoch 059 - Loss: 0.0137
2025-04-26 12:13:17 INFO: Epoch 060 - Loss: 0.0125
2025-04-26 12:13:17 INFO: Epoch 061 - Loss: 0.0158
2025-04-26 12:13:17 INFO: Epoch 062 - Loss: 0.0134
2025-04-26 12:13:17 INFO: Epoch 063 - Loss: 0.0111
2025-04-26 12:13:17 INFO: Epoch 064 - Loss: 0.0103
2025-04-26 12:13:17 INFO: Epoch 065 - Loss: 0.0101
2025-04-26 12:13:17 INFO: Epoch 066 - Loss: 0.0096
2025-04-26 12:13:18 INFO: Epoch 067 - Loss: 0.0092
2025-04-26 12:13:18 INFO: Epoch 068 - Loss: 0.0101
2025-04-26 12:13:18 INFO: Epoch 069 - Loss: 0.0088
2025-04-26 12:13:18 INFO: Epoch 070 - Loss: 0.0081
2025-04-26 12:13:18 INFO: Epoch 071 - Loss: 0.0079
2025-04-26 12:13:18 INFO: Epoch 072 - Loss: 0.0076
2025-04-26 12:13:18 INFO: Epoch 073 - Loss: 0.0073
2025-04-26 12:13:18 INFO: Epoch 074 - Loss: 0.0070
2025-04-26 12:13:18 INFO: Epoch 075 - Loss: 0.0072
2025-04-26 12:13:19 INFO: Epoch 076 - Loss: 0.0067
2025-04-26 12:13:19 INFO: Epoch 077 - Loss: 0.0063
2025-04-26 12:13:19 INFO: Epoch 078 - Loss: 0.0060
2025-04-26 12:13:19 INFO: Epoch 079 - Loss: 0.0060
2025-04-26 12:13:19 INFO: Epoch 080 - Loss: 0.0056
2025-04-26 12:13:19 INFO: Epoch 081 - Loss: 0.0054
2025-04-26 12:13:19 INFO: Epoch 082 - Loss: 0.0052
2025-04-26 12:13:19 INFO: Epoch 083 - Loss: 0.0051
2025-04-26 12:13:19 INFO: Epoch 084 - Loss: 0.0050
2025-04-26 12:13:20 INFO: Epoch 085 - Loss: 0.0048
2025-04-26 12:13:20 INFO: Epoch 086 - Loss: 0.0047
2025-04-26 12:13:20 INFO: Epoch 087 - Loss: 0.0045
2025-04-26 12:13:20 INFO: Epoch 088 - Loss: 0.0043
2025-04-26 12:13:20 INFO: Epoch 089 - Loss: 0.0041
2025-04-26 12:13:20 INFO: Epoch 090 - Loss: 0.0041
2025-04-26 12:13:20 INFO: Epoch 091 - Loss: 0.0040
2025-04-26 12:13:20 INFO: Epoch 092 - Loss: 0.0038
2025-04-26 12:13:20 INFO: Epoch 093 - Loss: 0.0039
2025-04-26 12:13:20 INFO: Epoch 094 - Loss: 0.0036
2025-04-26 12:13:21 INFO: Epoch 095 - Loss: 0.0036
2025-04-26 12:13:21 INFO: Epoch 096 - Loss: 0.0035
2025-04-26 12:13:21 INFO: Epoch 097 - Loss: 0.0033
2025-04-26 12:13:21 INFO: Epoch 098 - Loss: 0.0032
2025-04-26 12:13:21 INFO: Epoch 099 - Loss: 0.0032
2025-04-26 12:13:21 INFO: Epoch 100 - Loss: 0.0031
2025-04-26 12:13:21 INFO: Test Accuracy: 95.85%
2025-04-26 12:13:21 INFO: Confusion Matrix:
[[113   3]
 [  6  95]]
2025-04-26 12:18:02 INFO: Epoch 001 - Loss: 9.2402
2025-04-26 12:18:02 INFO: Epoch 002 - Loss: 5.3739
2025-04-26 12:18:02 INFO: Epoch 003 - Loss: 4.5702
2025-04-26 12:18:02 INFO: Epoch 004 - Loss: 3.9668
2025-04-26 12:18:02 INFO: Epoch 005 - Loss: 3.4096
2025-04-26 12:18:03 INFO: Epoch 006 - Loss: 3.2270
2025-04-26 12:18:03 INFO: Epoch 007 - Loss: 3.3149
2025-04-26 12:18:03 INFO: Epoch 008 - Loss: 3.5029
2025-04-26 12:18:03 INFO: Epoch 009 - Loss: 2.5088
2025-04-26 12:18:03 INFO: Epoch 010 - Loss: 2.0364
2025-04-26 12:18:03 INFO: Epoch 011 - Loss: 1.9711
2025-04-26 12:18:03 INFO: Epoch 012 - Loss: 1.7788
2025-04-26 12:18:03 INFO: Epoch 013 - Loss: 1.6741
2025-04-26 12:18:03 INFO: Epoch 014 - Loss: 1.3227
2025-04-26 12:18:03 INFO: Epoch 015 - Loss: 1.1603
2025-04-26 12:18:03 INFO: Epoch 016 - Loss: 0.8862
2025-04-26 12:18:04 INFO: Epoch 017 - Loss: 0.8289
2025-04-26 12:18:04 INFO: Epoch 018 - Loss: 0.6437
2025-04-26 12:18:04 INFO: Epoch 019 - Loss: 0.8798
2025-04-26 12:18:04 INFO: Epoch 020 - Loss: 1.3760
2025-04-26 12:18:04 INFO: Epoch 021 - Loss: 1.5314
2025-04-26 12:18:04 INFO: Epoch 022 - Loss: 0.6668
2025-04-26 12:18:04 INFO: Epoch 023 - Loss: 0.5039
2025-04-26 12:18:04 INFO: Epoch 024 - Loss: 0.3272
2025-04-26 12:18:04 INFO: Epoch 025 - Loss: 0.2716
2025-04-26 12:18:04 INFO: Epoch 026 - Loss: 0.2937
2025-04-26 12:18:05 INFO: Epoch 027 - Loss: 0.2362
2025-04-26 12:18:05 INFO: Epoch 028 - Loss: 0.3142
2025-04-26 12:18:05 INFO: Epoch 029 - Loss: 0.1690
2025-04-26 12:18:05 INFO: Epoch 030 - Loss: 0.1650
2025-04-26 12:18:05 INFO: Epoch 031 - Loss: 0.1340
2025-04-26 12:18:05 INFO: Epoch 032 - Loss: 0.1046
2025-04-26 12:18:05 INFO: Epoch 033 - Loss: 0.0963
2025-04-26 12:18:05 INFO: Epoch 034 - Loss: 0.0964
2025-04-26 12:18:05 INFO: Epoch 035 - Loss: 0.0864
2025-04-26 12:18:05 INFO: Epoch 036 - Loss: 0.0640
2025-04-26 12:18:06 INFO: Epoch 037 - Loss: 0.0597
2025-04-26 12:18:06 INFO: Epoch 038 - Loss: 0.0554
2025-04-26 12:18:06 INFO: Epoch 039 - Loss: 0.0486
2025-04-26 12:18:06 INFO: Epoch 040 - Loss: 0.0514
2025-04-26 12:18:06 INFO: Epoch 041 - Loss: 0.0410
2025-04-26 12:18:06 INFO: Epoch 042 - Loss: 0.0348
2025-04-26 12:18:06 INFO: Epoch 043 - Loss: 0.0494
2025-04-26 12:18:06 INFO: Epoch 044 - Loss: 0.1133
2025-04-26 12:18:06 INFO: Epoch 045 - Loss: 0.3464
2025-04-26 12:18:07 INFO: Epoch 046 - Loss: 1.3024
2025-04-26 12:18:07 INFO: Epoch 047 - Loss: 0.3368
2025-04-26 12:18:07 INFO: Epoch 048 - Loss: 0.3083
2025-04-26 12:18:07 INFO: Epoch 049 - Loss: 0.1498
2025-04-26 12:18:07 INFO: Epoch 050 - Loss: 0.0683
2025-04-26 12:18:07 INFO: Epoch 051 - Loss: 0.0550
2025-04-26 12:18:07 INFO: Epoch 052 - Loss: 0.0267
2025-04-26 12:18:07 INFO: Epoch 053 - Loss: 0.0217
2025-04-26 12:18:07 INFO: Epoch 054 - Loss: 0.0180
2025-04-26 12:18:07 INFO: Epoch 055 - Loss: 0.0194
2025-04-26 12:18:08 INFO: Epoch 056 - Loss: 0.0169
2025-04-26 12:18:08 INFO: Epoch 057 - Loss: 0.0141
2025-04-26 12:18:08 INFO: Epoch 058 - Loss: 0.0138
2025-04-26 12:18:08 INFO: Epoch 059 - Loss: 0.0129
2025-04-26 12:18:08 INFO: Epoch 060 - Loss: 0.0120
2025-04-26 12:18:08 INFO: Epoch 061 - Loss: 0.0116
2025-04-26 12:18:08 INFO: Epoch 062 - Loss: 0.0112
2025-04-26 12:18:08 INFO: Epoch 063 - Loss: 0.0105
2025-04-26 12:18:08 INFO: Epoch 064 - Loss: 0.0101
2025-04-26 12:18:09 INFO: Epoch 065 - Loss: 0.0094
2025-04-26 12:18:09 INFO: Epoch 066 - Loss: 0.0092
2025-04-26 12:18:09 INFO: Epoch 067 - Loss: 0.0105
2025-04-26 12:18:09 INFO: Epoch 068 - Loss: 0.0090
2025-04-26 12:18:09 INFO: Epoch 069 - Loss: 0.0081
2025-04-26 12:18:09 INFO: Epoch 070 - Loss: 0.0085
2025-04-26 12:18:09 INFO: Epoch 071 - Loss: 0.0075
2025-04-26 12:18:09 INFO: Epoch 072 - Loss: 0.0072
2025-04-26 12:18:09 INFO: Epoch 073 - Loss: 0.0071
2025-04-26 12:18:10 INFO: Epoch 074 - Loss: 0.0066
2025-04-26 12:18:10 INFO: Epoch 075 - Loss: 0.0064
2025-04-26 12:18:10 INFO: Epoch 076 - Loss: 0.0063
2025-04-26 12:18:10 INFO: Epoch 077 - Loss: 0.0061
2025-04-26 12:18:10 INFO: Epoch 078 - Loss: 0.0058
2025-04-26 12:18:10 INFO: Epoch 079 - Loss: 0.0057
2025-04-26 12:18:10 INFO: Epoch 080 - Loss: 0.0056
2025-04-26 12:18:10 INFO: Epoch 081 - Loss: 0.0054
2025-04-26 12:18:11 INFO: Epoch 082 - Loss: 0.0051
2025-04-26 12:18:11 INFO: Epoch 083 - Loss: 0.0050
2025-04-26 12:18:11 INFO: Epoch 084 - Loss: 0.0047
2025-04-26 12:18:11 INFO: Epoch 085 - Loss: 0.0047
2025-04-26 12:18:11 INFO: Epoch 086 - Loss: 0.0045
2025-04-26 12:18:11 INFO: Epoch 087 - Loss: 0.0045
2025-04-26 12:18:11 INFO: Epoch 088 - Loss: 0.0043
2025-04-26 12:18:11 INFO: Epoch 089 - Loss: 0.0041
2025-04-26 12:18:11 INFO: Epoch 090 - Loss: 0.0040
2025-04-26 12:18:12 INFO: Epoch 091 - Loss: 0.0039
2025-04-26 12:18:12 INFO: Epoch 092 - Loss: 0.0038
2025-04-26 12:18:12 INFO: Epoch 093 - Loss: 0.0037
2025-04-26 12:18:12 INFO: Epoch 094 - Loss: 0.0037
2025-04-26 12:18:12 INFO: Epoch 095 - Loss: 0.0035
2025-04-26 12:18:12 INFO: Epoch 096 - Loss: 0.0035
2025-04-26 12:18:12 INFO: Epoch 097 - Loss: 0.0033
2025-04-26 12:18:12 INFO: Epoch 098 - Loss: 0.0035
2025-04-26 12:18:13 INFO: Epoch 099 - Loss: 0.0031
2025-04-26 12:18:13 INFO: Epoch 100 - Loss: 0.0030
2025-04-26 12:18:13 INFO: Test Accuracy: 95.85%
2025-04-26 12:18:13 INFO: Confusion Matrix:
[[114   2]
 [  7  94]]
2025-04-26 12:22:12 INFO: Epoch 001 - Loss: 8.9799
2025-04-26 12:22:12 INFO: Epoch 002 - Loss: 5.4408
2025-04-26 12:22:12 INFO: Epoch 003 - Loss: 4.4419
2025-04-26 12:22:12 INFO: Epoch 004 - Loss: 3.7341
2025-04-26 12:22:12 INFO: Epoch 005 - Loss: 4.1762
2025-04-26 12:22:12 INFO: Epoch 006 - Loss: 3.2201
2025-04-26 12:22:12 INFO: Epoch 007 - Loss: 3.1048
2025-04-26 12:22:13 INFO: Epoch 008 - Loss: 2.4512
2025-04-26 12:22:13 INFO: Epoch 009 - Loss: 1.9080
2025-04-26 12:22:13 INFO: Epoch 010 - Loss: 1.6962
2025-04-26 12:22:13 INFO: Epoch 011 - Loss: 1.7632
2025-04-26 12:22:13 INFO: Epoch 012 - Loss: 1.3357
2025-04-26 12:22:13 INFO: Epoch 013 - Loss: 1.1925
2025-04-26 12:22:13 INFO: Epoch 014 - Loss: 1.0922
2025-04-26 12:22:13 INFO: Epoch 015 - Loss: 1.1126
2025-04-26 12:22:13 INFO: Epoch 016 - Loss: 1.4136
2025-04-26 12:22:13 INFO: Epoch 017 - Loss: 1.0400
2025-04-26 12:22:14 INFO: Epoch 018 - Loss: 0.7444
2025-04-26 12:22:14 INFO: Epoch 019 - Loss: 0.5620
2025-04-26 12:22:14 INFO: Epoch 020 - Loss: 0.4655
2025-04-26 12:22:14 INFO: Epoch 021 - Loss: 0.4472
2025-04-26 12:22:14 INFO: Epoch 022 - Loss: 0.3332
2025-04-26 12:22:14 INFO: Epoch 023 - Loss: 0.4142
2025-04-26 12:22:14 INFO: Epoch 024 - Loss: 0.8526
2025-04-26 12:22:14 INFO: Epoch 025 - Loss: 0.3509
2025-04-26 12:22:14 INFO: Epoch 026 - Loss: 0.3640
2025-04-26 12:22:14 INFO: Epoch 027 - Loss: 0.2165
2025-04-26 12:22:15 INFO: Epoch 028 - Loss: 0.1925
2025-04-26 12:22:15 INFO: Epoch 029 - Loss: 0.1432
2025-04-26 12:22:15 INFO: Epoch 030 - Loss: 0.1305
2025-04-26 12:22:15 INFO: Epoch 031 - Loss: 0.1457
2025-04-26 12:22:15 INFO: Epoch 032 - Loss: 0.1154
2025-04-26 12:22:15 INFO: Epoch 033 - Loss: 0.1399
2025-04-26 12:22:15 INFO: Epoch 034 - Loss: 0.4281
2025-04-26 12:22:15 INFO: Epoch 035 - Loss: 3.5338
2025-04-26 12:22:15 INFO: Epoch 036 - Loss: 1.1642
2025-04-26 12:22:16 INFO: Epoch 037 - Loss: 0.2787
2025-04-26 12:22:16 INFO: Epoch 038 - Loss: 0.2801
2025-04-26 12:22:16 INFO: Epoch 039 - Loss: 0.1159
2025-04-26 12:22:16 INFO: Epoch 040 - Loss: 0.0867
2025-04-26 12:22:16 INFO: Epoch 041 - Loss: 0.0666
2025-04-26 12:22:16 INFO: Epoch 042 - Loss: 0.0585
2025-04-26 12:22:16 INFO: Epoch 043 - Loss: 0.0517
2025-04-26 12:22:16 INFO: Epoch 044 - Loss: 0.0457
2025-04-26 12:22:16 INFO: Epoch 045 - Loss: 0.0422
2025-04-26 12:22:16 INFO: Epoch 046 - Loss: 0.0379
2025-04-26 12:22:17 INFO: Epoch 047 - Loss: 0.0399
2025-04-26 12:22:17 INFO: Epoch 048 - Loss: 0.0340
2025-04-26 12:22:17 INFO: Epoch 049 - Loss: 0.0308
2025-04-26 12:22:17 INFO: Epoch 050 - Loss: 0.0286
2025-04-26 12:22:17 INFO: Epoch 051 - Loss: 0.0257
2025-04-26 12:22:17 INFO: Epoch 052 - Loss: 0.0246
2025-04-26 12:22:17 INFO: Epoch 053 - Loss: 0.0226
2025-04-26 12:22:17 INFO: Epoch 054 - Loss: 0.0240
2025-04-26 12:22:17 INFO: Epoch 055 - Loss: 0.0204
2025-04-26 12:22:18 INFO: Epoch 056 - Loss: 0.0186
2025-04-26 12:22:18 INFO: Epoch 057 - Loss: 0.0176
2025-04-26 12:22:18 INFO: Epoch 058 - Loss: 0.0172
2025-04-26 12:22:18 INFO: Epoch 059 - Loss: 0.0160
2025-04-26 12:22:18 INFO: Epoch 060 - Loss: 0.0148
2025-04-26 12:22:18 INFO: Epoch 061 - Loss: 0.0140
2025-04-26 12:22:18 INFO: Epoch 062 - Loss: 0.0131
2025-04-26 12:22:18 INFO: Epoch 063 - Loss: 0.0130
2025-04-26 12:22:18 INFO: Epoch 064 - Loss: 0.0125
2025-04-26 12:22:19 INFO: Epoch 065 - Loss: 0.0124
2025-04-26 12:22:19 INFO: Epoch 066 - Loss: 0.0140
2025-04-26 12:22:19 INFO: Epoch 067 - Loss: 0.0121
2025-04-26 12:22:19 INFO: Epoch 068 - Loss: 0.0106
2025-04-26 12:22:19 INFO: Epoch 069 - Loss: 0.0133
2025-04-26 12:22:19 INFO: Epoch 070 - Loss: 0.0110
2025-04-26 12:22:19 INFO: Epoch 071 - Loss: 0.0085
2025-04-26 12:22:19 INFO: Epoch 072 - Loss: 0.0082
2025-04-26 12:22:20 INFO: Epoch 073 - Loss: 0.0078
2025-04-26 12:22:20 INFO: Epoch 074 - Loss: 0.0075
2025-04-26 12:22:20 INFO: Epoch 075 - Loss: 0.0072
2025-04-26 12:22:20 INFO: Epoch 076 - Loss: 0.0071
2025-04-26 12:22:20 INFO: Epoch 077 - Loss: 0.0066
2025-04-26 12:22:20 INFO: Epoch 078 - Loss: 0.0063
2025-04-26 12:22:20 INFO: Epoch 079 - Loss: 0.0060
2025-04-26 12:22:20 INFO: Epoch 080 - Loss: 0.0064
2025-04-26 12:22:21 INFO: Epoch 081 - Loss: 0.0055
2025-04-26 12:22:21 INFO: Epoch 082 - Loss: 0.0053
2025-04-26 12:22:21 INFO: Epoch 083 - Loss: 0.0053
2025-04-26 12:22:21 INFO: Epoch 084 - Loss: 0.0050
2025-04-26 12:22:21 INFO: Epoch 085 - Loss: 0.0050
2025-04-26 12:22:21 INFO: Epoch 086 - Loss: 0.0049
2025-04-26 12:22:21 INFO: Epoch 087 - Loss: 0.0046
2025-04-26 12:22:21 INFO: Epoch 088 - Loss: 0.0044
2025-04-26 12:22:22 INFO: Epoch 089 - Loss: 0.0042
2025-04-26 12:22:22 INFO: Epoch 090 - Loss: 0.0041
2025-04-26 12:22:22 INFO: Epoch 091 - Loss: 0.0042
2025-04-26 12:22:22 INFO: Epoch 092 - Loss: 0.0040
2025-04-26 12:22:22 INFO: Epoch 093 - Loss: 0.0037
2025-04-26 12:22:22 INFO: Epoch 094 - Loss: 0.0035
2025-04-26 12:22:22 INFO: Epoch 095 - Loss: 0.0034
2025-04-26 12:22:22 INFO: Epoch 096 - Loss: 0.0033
2025-04-26 12:22:22 INFO: Epoch 097 - Loss: 0.0032
2025-04-26 12:22:23 INFO: Epoch 098 - Loss: 0.0031
2025-04-26 12:22:23 INFO: Epoch 099 - Loss: 0.0031
2025-04-26 12:22:23 INFO: Epoch 100 - Loss: 0.0031
2025-04-26 12:22:23 INFO: Test Accuracy: 96.31%
2025-04-26 12:22:23 INFO: Confusion Matrix:
[[113   3]
 [  5  96]]
