2025-04-26 08:56:30 INFO: Best trial:
2025-04-26 08:56:30 INFO:   Accuracy: 0.9816
2025-04-26 08:56:30 INFO:   Params: {'conv1_out': 32, 'conv2_out': 32, 'fc1_units': 128, 'lr': 0.0025908156549080174, 'optimizer': 'Adam'}
2025-04-26 08:56:30 INFO: Epoch 001 - Loss: 8.9713
2025-04-26 08:56:30 INFO: Epoch 002 - Loss: 5.0346
2025-04-26 08:56:31 INFO: Epoch 003 - Loss: 3.8552
2025-04-26 08:56:31 INFO: Epoch 004 - Loss: 2.7390
2025-04-26 08:56:31 INFO: Epoch 005 - Loss: 2.5670
2025-04-26 08:56:31 INFO: Epoch 006 - Loss: 1.7912
2025-04-26 08:56:31 INFO: Epoch 007 - Loss: 3.1267
2025-04-26 08:56:31 INFO: Epoch 008 - Loss: 2.4827
2025-04-26 08:56:31 INFO: Epoch 009 - Loss: 2.8684
2025-04-26 08:56:31 INFO: Epoch 010 - Loss: 1.5476
2025-04-26 08:56:31 INFO: Epoch 011 - Loss: 1.0108
2025-04-26 08:56:31 INFO: Epoch 012 - Loss: 1.0105
2025-04-26 08:56:32 INFO: Epoch 013 - Loss: 0.7103
2025-04-26 08:56:32 INFO: Epoch 014 - Loss: 0.4766
2025-04-26 08:56:32 INFO: Epoch 015 - Loss: 0.4819
2025-04-26 08:56:32 INFO: Epoch 016 - Loss: 0.5081
2025-04-26 08:56:32 INFO: Epoch 017 - Loss: 1.7371
2025-04-26 08:56:32 INFO: Epoch 018 - Loss: 1.2176
2025-04-26 08:56:32 INFO: Epoch 019 - Loss: 0.6326
2025-04-26 08:56:32 INFO: Epoch 020 - Loss: 0.2606
2025-04-26 08:56:32 INFO: Epoch 021 - Loss: 0.1609
2025-04-26 08:56:32 INFO: Epoch 022 - Loss: 0.1071
2025-04-26 08:56:32 INFO: Epoch 023 - Loss: 0.1285
2025-04-26 08:56:33 INFO: Epoch 024 - Loss: 0.0585
2025-04-26 08:56:33 INFO: Epoch 025 - Loss: 0.0450
2025-04-26 08:56:33 INFO: Epoch 026 - Loss: 0.0413
2025-04-26 08:56:33 INFO: Epoch 027 - Loss: 0.0346
2025-04-26 08:56:33 INFO: Epoch 028 - Loss: 0.0274
2025-04-26 08:56:33 INFO: Epoch 029 - Loss: 0.0244
2025-04-26 08:56:33 INFO: Epoch 030 - Loss: 0.0222
2025-04-26 08:56:33 INFO: Epoch 031 - Loss: 0.0195
2025-04-26 08:56:33 INFO: Epoch 032 - Loss: 0.0205
2025-04-26 08:56:33 INFO: Epoch 033 - Loss: 0.0195
2025-04-26 08:56:34 INFO: Epoch 034 - Loss: 0.0175
2025-04-26 08:56:34 INFO: Epoch 035 - Loss: 0.0144
2025-04-26 08:56:34 INFO: Epoch 036 - Loss: 0.0138
2025-04-26 08:56:34 INFO: Epoch 037 - Loss: 0.0123
2025-04-26 08:56:34 INFO: Epoch 038 - Loss: 0.0107
2025-04-26 08:56:34 INFO: Epoch 039 - Loss: 0.0098
2025-04-26 08:56:34 INFO: Epoch 040 - Loss: 0.0097
2025-04-26 08:56:34 INFO: Epoch 041 - Loss: 0.0085
2025-04-26 08:56:34 INFO: Epoch 042 - Loss: 0.0082
2025-04-26 08:56:35 INFO: Epoch 043 - Loss: 0.0076
2025-04-26 08:56:35 INFO: Epoch 044 - Loss: 0.0069
2025-04-26 08:56:35 INFO: Epoch 045 - Loss: 0.0067
2025-04-26 08:56:35 INFO: Epoch 046 - Loss: 0.0063
2025-04-26 08:56:35 INFO: Epoch 047 - Loss: 0.0059
2025-04-26 08:56:35 INFO: Epoch 048 - Loss: 0.0057
2025-04-26 08:56:35 INFO: Epoch 049 - Loss: 0.0053
2025-04-26 08:56:35 INFO: Epoch 050 - Loss: 0.0051
2025-04-26 08:56:36 INFO: Epoch 051 - Loss: 0.0049
2025-04-26 08:56:36 INFO: Epoch 052 - Loss: 0.0045
2025-04-26 08:56:36 INFO: Epoch 053 - Loss: 0.0044
2025-04-26 08:56:36 INFO: Epoch 054 - Loss: 0.0043
2025-04-26 08:56:36 INFO: Epoch 055 - Loss: 0.0040
2025-04-26 08:56:36 INFO: Epoch 056 - Loss: 0.0038
2025-04-26 08:56:36 INFO: Epoch 057 - Loss: 0.0037
2025-04-26 08:56:37 INFO: Epoch 058 - Loss: 0.0035
2025-04-26 08:56:37 INFO: Epoch 059 - Loss: 0.0033
2025-04-26 08:56:37 INFO: Epoch 060 - Loss: 0.0036
2025-04-26 08:56:37 INFO: Epoch 061 - Loss: 0.0034
2025-04-26 08:56:37 INFO: Epoch 062 - Loss: 0.0030
2025-04-26 08:56:37 INFO: Epoch 063 - Loss: 0.0029
2025-04-26 08:56:37 INFO: Epoch 064 - Loss: 0.0028
2025-04-26 08:56:38 INFO: Epoch 065 - Loss: 0.0027
2025-04-26 08:56:38 INFO: Epoch 066 - Loss: 0.0028
2025-04-26 08:56:38 INFO: Epoch 067 - Loss: 0.0024
2025-04-26 08:56:38 INFO: Epoch 068 - Loss: 0.0024
2025-04-26 08:56:38 INFO: Epoch 069 - Loss: 0.0022
2025-04-26 08:56:38 INFO: Epoch 070 - Loss: 0.0022
2025-04-26 08:56:39 INFO: Epoch 071 - Loss: 0.0021
2025-04-26 08:56:39 INFO: Epoch 072 - Loss: 0.0020
2025-04-26 08:56:39 INFO: Epoch 073 - Loss: 0.0020
2025-04-26 08:56:39 INFO: Epoch 074 - Loss: 0.0019
2025-04-26 08:56:39 INFO: Epoch 075 - Loss: 0.0019
2025-04-26 08:56:39 INFO: Epoch 076 - Loss: 0.0018
2025-04-26 08:56:40 INFO: Epoch 077 - Loss: 0.0017
2025-04-26 08:56:40 INFO: Epoch 078 - Loss: 0.0017
2025-04-26 08:56:40 INFO: Epoch 079 - Loss: 0.0016
2025-04-26 08:56:40 INFO: Epoch 080 - Loss: 0.0016
2025-04-26 08:56:40 INFO: Epoch 081 - Loss: 0.0015
2025-04-26 08:56:40 INFO: Epoch 082 - Loss: 0.0015
2025-04-26 08:56:41 INFO: Epoch 083 - Loss: 0.0014
2025-04-26 08:56:41 INFO: Epoch 084 - Loss: 0.0015
2025-04-26 08:56:41 INFO: Epoch 085 - Loss: 0.0014
2025-04-26 08:56:41 INFO: Epoch 086 - Loss: 0.0013
2025-04-26 08:56:41 INFO: Epoch 087 - Loss: 0.0012
2025-04-26 08:56:41 INFO: Epoch 088 - Loss: 0.0012
2025-04-26 08:56:41 INFO: Epoch 089 - Loss: 0.0012
2025-04-26 08:56:41 INFO: Epoch 090 - Loss: 0.0012
2025-04-26 08:56:42 INFO: Epoch 091 - Loss: 0.0011
2025-04-26 08:56:42 INFO: Epoch 092 - Loss: 0.0011
2025-04-26 08:56:42 INFO: Epoch 093 - Loss: 0.0011
2025-04-26 08:56:42 INFO: Epoch 094 - Loss: 0.0013
2025-04-26 08:56:42 INFO: Epoch 095 - Loss: 0.0011
2025-04-26 08:56:42 INFO: Epoch 096 - Loss: 0.0010
2025-04-26 08:56:42 INFO: Epoch 097 - Loss: 0.0010
2025-04-26 08:56:42 INFO: Epoch 098 - Loss: 0.0009
2025-04-26 08:56:43 INFO: Epoch 099 - Loss: 0.0012
2025-04-26 08:56:43 INFO: Epoch 100 - Loss: 0.0009
2025-04-26 08:56:43 INFO: Test Accuracy: 96.77%
2025-04-26 08:56:43 INFO: Confusion Matrix:
[[115   1]
 [  6  95]]
