2025-04-26 08:59:56 INFO: Epoch 001 - Loss: 9.8172
2025-04-26 08:59:56 INFO: Epoch 002 - Loss: 5.4713
2025-04-26 08:59:56 INFO: Epoch 003 - Loss: 4.6818
2025-04-26 08:59:57 INFO: Epoch 004 - Loss: 5.4202
2025-04-26 08:59:57 INFO: Epoch 005 - Loss: 3.7254
2025-04-26 08:59:57 INFO: Epoch 006 - Loss: 2.9498
2025-04-26 08:59:57 INFO: Epoch 007 - Loss: 2.4672
2025-04-26 08:59:57 INFO: Epoch 008 - Loss: 2.1183
2025-04-26 08:59:57 INFO: Epoch 009 - Loss: 2.7792
2025-04-26 08:59:57 INFO: Epoch 010 - Loss: 2.1193
2025-04-26 08:59:57 INFO: Epoch 011 - Loss: 1.9490
2025-04-26 08:59:57 INFO: Epoch 012 - Loss: 1.5990
2025-04-26 08:59:57 INFO: Epoch 013 - Loss: 1.4150
2025-04-26 08:59:58 INFO: Epoch 014 - Loss: 1.3316
2025-04-26 08:59:58 INFO: Epoch 015 - Loss: 1.0908
2025-04-26 08:59:58 INFO: Epoch 016 - Loss: 1.6671
2025-04-26 08:59:58 INFO: Epoch 017 - Loss: 1.3558
2025-04-26 08:59:58 INFO: Epoch 018 - Loss: 0.8468
2025-04-26 08:59:58 INFO: Epoch 019 - Loss: 0.7518
2025-04-26 08:59:58 INFO: Epoch 020 - Loss: 0.6691
2025-04-26 08:59:58 INFO: Epoch 021 - Loss: 0.6937
2025-04-26 08:59:58 INFO: Epoch 022 - Loss: 0.6664
2025-04-26 08:59:58 INFO: Epoch 023 - Loss: 0.5753
2025-04-26 08:59:59 INFO: Epoch 024 - Loss: 0.3904
2025-04-26 08:59:59 INFO: Epoch 025 - Loss: 0.3320
2025-04-26 08:59:59 INFO: Epoch 026 - Loss: 0.2516
2025-04-26 08:59:59 INFO: Epoch 027 - Loss: 0.3205
2025-04-26 08:59:59 INFO: Epoch 028 - Loss: 0.4326
2025-04-26 08:59:59 INFO: Epoch 029 - Loss: 0.2845
2025-04-26 08:59:59 INFO: Epoch 030 - Loss: 0.2448
2025-04-26 08:59:59 INFO: Epoch 031 - Loss: 0.3187
2025-04-26 08:59:59 INFO: Epoch 032 - Loss: 0.2040
2025-04-26 08:59:59 INFO: Epoch 033 - Loss: 0.2723
2025-04-26 09:00:00 INFO: Epoch 034 - Loss: 0.1879
2025-04-26 09:00:00 INFO: Epoch 035 - Loss: 0.2020
2025-04-26 09:00:00 INFO: Epoch 036 - Loss: 0.1838
2025-04-26 09:00:00 INFO: Epoch 037 - Loss: 0.1692
2025-04-26 09:00:00 INFO: Epoch 038 - Loss: 0.1105
2025-04-26 09:00:00 INFO: Epoch 039 - Loss: 0.1019
2025-04-26 09:00:00 INFO: Epoch 040 - Loss: 0.0886
2025-04-26 09:00:00 INFO: Epoch 041 - Loss: 0.0691
2025-04-26 09:00:00 INFO: Epoch 042 - Loss: 0.0700
2025-04-26 09:00:01 INFO: Epoch 043 - Loss: 0.0509
2025-04-26 09:00:01 INFO: Epoch 044 - Loss: 0.0744
2025-04-26 09:00:01 INFO: Epoch 045 - Loss: 0.0632
2025-04-26 09:00:01 INFO: Epoch 046 - Loss: 0.0728
2025-04-26 09:00:01 INFO: Epoch 047 - Loss: 0.0635
2025-04-26 09:00:01 INFO: Epoch 048 - Loss: 0.0433
2025-04-26 09:00:01 INFO: Epoch 049 - Loss: 0.0585
2025-04-26 09:00:01 INFO: Epoch 050 - Loss: 0.0428
2025-04-26 09:00:01 INFO: Epoch 051 - Loss: 0.0465
2025-04-26 09:00:01 INFO: Epoch 052 - Loss: 0.0359
2025-04-26 09:00:02 INFO: Epoch 053 - Loss: 0.0376
2025-04-26 09:00:02 INFO: Epoch 054 - Loss: 0.0370
2025-04-26 09:00:02 INFO: Epoch 055 - Loss: 0.0534
2025-04-26 09:00:02 INFO: Epoch 056 - Loss: 0.1338
2025-04-26 09:00:02 INFO: Epoch 057 - Loss: 1.6557
2025-04-26 09:00:02 INFO: Epoch 058 - Loss: 0.5096
2025-04-26 09:00:02 INFO: Epoch 059 - Loss: 0.8229
2025-04-26 09:00:03 INFO: Epoch 060 - Loss: 0.3646
2025-04-26 09:00:03 INFO: Epoch 061 - Loss: 0.1926
2025-04-26 09:00:03 INFO: Epoch 062 - Loss: 0.1209
2025-04-26 09:00:03 INFO: Epoch 063 - Loss: 0.0935
2025-04-26 09:00:03 INFO: Epoch 064 - Loss: 0.1277
2025-04-26 09:00:03 INFO: Epoch 065 - Loss: 0.0824
2025-04-26 09:00:04 INFO: Epoch 066 - Loss: 0.0633
2025-04-26 09:00:04 INFO: Epoch 067 - Loss: 0.0579
2025-04-26 09:00:04 INFO: Epoch 068 - Loss: 0.0874
2025-04-26 09:00:04 INFO: Epoch 069 - Loss: 0.0834
2025-04-26 09:00:04 INFO: Epoch 070 - Loss: 0.1396
2025-04-26 09:00:04 INFO: Test Accuracy: 95.85%
2025-04-26 09:00:04 INFO: Confusion Matrix:
[[113   3]
 [  6  95]]
2025-04-26 09:00:16 INFO: Epoch 001 - Loss: 9.2704
2025-04-26 09:00:16 INFO: Epoch 002 - Loss: 5.4845
2025-04-26 09:00:16 INFO: Epoch 003 - Loss: 4.4291
2025-04-26 09:00:16 INFO: Epoch 004 - Loss: 3.8398
2025-04-26 09:00:16 INFO: Epoch 005 - Loss: 3.0784
2025-04-26 09:00:16 INFO: Epoch 006 - Loss: 2.9454
2025-04-26 09:00:17 INFO: Epoch 007 - Loss: 3.5098
2025-04-26 09:00:17 INFO: Epoch 008 - Loss: 2.6563
2025-04-26 09:00:17 INFO: Epoch 009 - Loss: 2.1199
2025-04-26 09:00:17 INFO: Epoch 010 - Loss: 2.5425
2025-04-26 09:00:17 INFO: Epoch 011 - Loss: 2.2084
2025-04-26 09:00:17 INFO: Epoch 012 - Loss: 1.3217
2025-04-26 09:00:17 INFO: Epoch 013 - Loss: 1.1570
2025-04-26 09:00:17 INFO: Epoch 014 - Loss: 1.3210
2025-04-26 09:00:17 INFO: Epoch 015 - Loss: 1.3856
2025-04-26 09:00:17 INFO: Epoch 016 - Loss: 0.9312
2025-04-26 09:00:18 INFO: Epoch 017 - Loss: 0.9037
2025-04-26 09:00:18 INFO: Epoch 018 - Loss: 1.1426
2025-04-26 09:00:18 INFO: Epoch 019 - Loss: 1.3996
2025-04-26 09:00:18 INFO: Epoch 020 - Loss: 0.8476
2025-04-26 09:00:18 INFO: Epoch 021 - Loss: 0.8230
2025-04-26 09:00:18 INFO: Epoch 022 - Loss: 0.5684
2025-04-26 09:00:18 INFO: Epoch 023 - Loss: 0.5018
2025-04-26 09:00:18 INFO: Epoch 024 - Loss: 0.4183
2025-04-26 09:00:18 INFO: Epoch 025 - Loss: 0.4766
2025-04-26 09:00:18 INFO: Epoch 026 - Loss: 0.3845
2025-04-26 09:00:19 INFO: Epoch 027 - Loss: 0.3792
2025-04-26 09:00:19 INFO: Epoch 028 - Loss: 0.3651
2025-04-26 09:00:19 INFO: Epoch 029 - Loss: 0.3262
2025-04-26 09:00:19 INFO: Epoch 030 - Loss: 0.2615
2025-04-26 09:00:19 INFO: Epoch 031 - Loss: 0.1566
2025-04-26 09:00:19 INFO: Epoch 032 - Loss: 0.1744
2025-04-26 09:00:19 INFO: Epoch 033 - Loss: 0.2283
2025-04-26 09:00:19 INFO: Epoch 034 - Loss: 0.1559
2025-04-26 09:00:19 INFO: Epoch 035 - Loss: 0.1324
2025-04-26 09:00:20 INFO: Epoch 036 - Loss: 0.1257
2025-04-26 09:00:20 INFO: Epoch 037 - Loss: 0.1224
2025-04-26 09:00:20 INFO: Epoch 038 - Loss: 0.1280
2025-04-26 09:00:20 INFO: Epoch 039 - Loss: 0.1044
2025-04-26 09:00:20 INFO: Epoch 040 - Loss: 0.1734
2025-04-26 09:00:20 INFO: Epoch 041 - Loss: 0.1596
2025-04-26 09:00:20 INFO: Epoch 042 - Loss: 0.1451
2025-04-26 09:00:20 INFO: Epoch 043 - Loss: 0.0884
2025-04-26 09:00:21 INFO: Epoch 044 - Loss: 0.0666
2025-04-26 09:00:21 INFO: Epoch 045 - Loss: 0.0533
2025-04-26 09:00:21 INFO: Epoch 046 - Loss: 0.0590
2025-04-26 09:00:21 INFO: Epoch 047 - Loss: 0.0574
2025-04-26 09:00:21 INFO: Epoch 048 - Loss: 0.0392
2025-04-26 09:00:21 INFO: Epoch 049 - Loss: 0.0482
2025-04-26 09:00:22 INFO: Epoch 050 - Loss: 0.0399
2025-04-26 09:00:22 INFO: Epoch 051 - Loss: 0.0406
2025-04-26 09:00:22 INFO: Epoch 052 - Loss: 0.0593
2025-04-26 09:00:22 INFO: Epoch 053 - Loss: 0.0525
2025-04-26 09:00:22 INFO: Epoch 054 - Loss: 0.0400
2025-04-26 09:00:22 INFO: Epoch 055 - Loss: 0.0278
2025-04-26 09:00:22 INFO: Epoch 056 - Loss: 0.0272
2025-04-26 09:00:23 INFO: Epoch 057 - Loss: 0.0202
2025-04-26 09:00:23 INFO: Epoch 058 - Loss: 0.0260
2025-04-26 09:00:23 INFO: Epoch 059 - Loss: 0.0262
2025-04-26 09:00:23 INFO: Epoch 060 - Loss: 0.0355
2025-04-26 09:00:23 INFO: Epoch 061 - Loss: 0.0482
2025-04-26 09:00:23 INFO: Epoch 062 - Loss: 0.7102
2025-04-26 09:00:24 INFO: Epoch 063 - Loss: 3.2245
2025-04-26 09:00:24 INFO: Epoch 064 - Loss: 4.1307
2025-04-26 09:00:24 INFO: Epoch 065 - Loss: 1.0714
2025-04-26 09:00:24 INFO: Epoch 066 - Loss: 0.6275
2025-04-26 09:00:24 INFO: Epoch 067 - Loss: 0.4708
2025-04-26 09:00:24 INFO: Epoch 068 - Loss: 0.2704
2025-04-26 09:00:24 INFO: Epoch 069 - Loss: 0.1635
2025-04-26 09:00:25 INFO: Epoch 070 - Loss: 0.1788
2025-04-26 09:00:25 INFO: Test Accuracy: 96.31%
2025-04-26 09:00:25 INFO: Confusion Matrix:
[[114   2]
 [  6  95]]
2025-04-26 09:00:34 INFO: Epoch 001 - Loss: 10.4655
2025-04-26 09:00:34 INFO: Epoch 002 - Loss: 6.1173
2025-04-26 09:00:35 INFO: Epoch 003 - Loss: 5.0290
2025-04-26 09:00:35 INFO: Epoch 004 - Loss: 3.9412
2025-04-26 09:00:35 INFO: Epoch 005 - Loss: 3.7679
2025-04-26 09:00:35 INFO: Epoch 006 - Loss: 3.1282
2025-04-26 09:00:35 INFO: Epoch 007 - Loss: 2.5099
2025-04-26 09:00:35 INFO: Epoch 008 - Loss: 2.3299
2025-04-26 09:00:35 INFO: Epoch 009 - Loss: 2.1129
2025-04-26 09:00:35 INFO: Epoch 010 - Loss: 1.5572
2025-04-26 09:00:35 INFO: Epoch 011 - Loss: 1.4154
2025-04-26 09:00:35 INFO: Epoch 012 - Loss: 1.2510
2025-04-26 09:00:36 INFO: Epoch 013 - Loss: 1.6849
2025-04-26 09:00:36 INFO: Epoch 014 - Loss: 1.3243
2025-04-26 09:00:36 INFO: Epoch 015 - Loss: 1.0020
2025-04-26 09:00:36 INFO: Epoch 016 - Loss: 0.9550
2025-04-26 09:00:36 INFO: Epoch 017 - Loss: 0.9877
2025-04-26 09:00:36 INFO: Epoch 018 - Loss: 1.0844
2025-04-26 09:00:36 INFO: Epoch 019 - Loss: 1.3914
2025-04-26 09:00:36 INFO: Epoch 020 - Loss: 1.7243
2025-04-26 09:00:36 INFO: Epoch 021 - Loss: 0.8434
2025-04-26 09:00:36 INFO: Epoch 022 - Loss: 0.7775
2025-04-26 09:00:36 INFO: Epoch 023 - Loss: 0.5214
2025-04-26 09:00:37 INFO: Epoch 024 - Loss: 0.6268
2025-04-26 09:00:37 INFO: Epoch 025 - Loss: 0.7187
2025-04-26 09:00:37 INFO: Epoch 026 - Loss: 0.8900
2025-04-26 09:00:37 INFO: Epoch 027 - Loss: 0.4978
2025-04-26 09:00:37 INFO: Epoch 028 - Loss: 0.2378
2025-04-26 09:00:37 INFO: Epoch 029 - Loss: 0.3778
2025-04-26 09:00:37 INFO: Epoch 030 - Loss: 0.3723
2025-04-26 09:00:37 INFO: Epoch 031 - Loss: 0.4069
2025-04-26 09:00:37 INFO: Epoch 032 - Loss: 0.2710
2025-04-26 09:00:38 INFO: Epoch 033 - Loss: 0.2010
2025-04-26 09:00:38 INFO: Epoch 034 - Loss: 0.1861
2025-04-26 09:00:38 INFO: Epoch 035 - Loss: 0.1258
2025-04-26 09:00:38 INFO: Epoch 036 - Loss: 0.1435
2025-04-26 09:00:38 INFO: Epoch 037 - Loss: 0.1471
2025-04-26 09:00:38 INFO: Epoch 038 - Loss: 0.0777
2025-04-26 09:00:38 INFO: Epoch 039 - Loss: 0.0750
2025-04-26 09:00:38 INFO: Epoch 040 - Loss: 0.0936
2025-04-26 09:00:38 INFO: Epoch 041 - Loss: 0.0780
2025-04-26 09:00:38 INFO: Epoch 042 - Loss: 0.0656
2025-04-26 09:00:39 INFO: Epoch 043 - Loss: 0.0532
2025-04-26 09:00:39 INFO: Epoch 044 - Loss: 0.0584
2025-04-26 09:00:39 INFO: Epoch 045 - Loss: 0.0723
2025-04-26 09:00:39 INFO: Epoch 046 - Loss: 0.0493
2025-04-26 09:00:39 INFO: Epoch 047 - Loss: 0.0484
2025-04-26 09:00:39 INFO: Epoch 048 - Loss: 0.0742
2025-04-26 09:00:39 INFO: Epoch 049 - Loss: 0.0801
2025-04-26 09:00:39 INFO: Epoch 050 - Loss: 0.1348
2025-04-26 09:00:39 INFO: Epoch 051 - Loss: 0.1503
2025-04-26 09:00:40 INFO: Epoch 052 - Loss: 0.0866
2025-04-26 09:00:40 INFO: Epoch 053 - Loss: 0.0322
2025-04-26 09:00:40 INFO: Epoch 054 - Loss: 0.0388
2025-04-26 09:00:40 INFO: Epoch 055 - Loss: 0.0387
2025-04-26 09:00:40 INFO: Epoch 056 - Loss: 0.0346
2025-04-26 09:00:40 INFO: Epoch 057 - Loss: 0.0259
2025-04-26 09:00:40 INFO: Epoch 058 - Loss: 0.0257
2025-04-26 09:00:41 INFO: Epoch 059 - Loss: 0.0192
2025-04-26 09:00:41 INFO: Epoch 060 - Loss: 0.0185
2025-04-26 09:00:41 INFO: Epoch 061 - Loss: 0.0305
2025-04-26 09:00:41 INFO: Epoch 062 - Loss: 0.0256
2025-04-26 09:00:41 INFO: Epoch 063 - Loss: 0.0726
2025-04-26 09:00:41 INFO: Epoch 064 - Loss: 0.0255
2025-04-26 09:00:41 INFO: Epoch 065 - Loss: 0.0304
2025-04-26 09:00:42 INFO: Epoch 066 - Loss: 0.0221
2025-04-26 09:00:42 INFO: Epoch 067 - Loss: 0.0246
2025-04-26 09:00:42 INFO: Epoch 068 - Loss: 0.0239
2025-04-26 09:00:42 INFO: Epoch 069 - Loss: 0.0194
2025-04-26 09:00:42 INFO: Epoch 070 - Loss: 0.0223
2025-04-26 09:00:42 INFO: Test Accuracy: 95.39%
2025-04-26 09:00:42 INFO: Confusion Matrix:
[[113   3]
 [  7  94]]
2025-04-26 09:03:42 INFO: Epoch 001 - Loss: 11.3424
2025-04-26 09:03:42 INFO: Epoch 002 - Loss: 8.2024
2025-04-26 09:03:43 INFO: Epoch 003 - Loss: 5.7901
2025-04-26 09:03:43 INFO: Epoch 004 - Loss: 5.1184
2025-04-26 09:03:43 INFO: Epoch 005 - Loss: 4.1510
2025-04-26 09:03:43 INFO: Epoch 006 - Loss: 3.8586
2025-04-26 09:03:43 INFO: Epoch 007 - Loss: 3.3616
2025-04-26 09:03:43 INFO: Epoch 008 - Loss: 3.2438
2025-04-26 09:03:43 INFO: Epoch 009 - Loss: 3.0258
2025-04-26 09:03:43 INFO: Epoch 010 - Loss: 2.6067
2025-04-26 09:03:43 INFO: Epoch 011 - Loss: 2.1144
2025-04-26 09:03:43 INFO: Epoch 012 - Loss: 1.9588
2025-04-26 09:03:44 INFO: Epoch 013 - Loss: 1.6913
2025-04-26 09:03:44 INFO: Epoch 014 - Loss: 1.5579
2025-04-26 09:03:44 INFO: Epoch 015 - Loss: 1.3841
2025-04-26 09:03:44 INFO: Epoch 016 - Loss: 1.2750
2025-04-26 09:03:44 INFO: Epoch 017 - Loss: 1.0712
2025-04-26 09:03:44 INFO: Epoch 018 - Loss: 0.9954
2025-04-26 09:03:44 INFO: Epoch 019 - Loss: 0.9165
2025-04-26 09:03:44 INFO: Epoch 020 - Loss: 1.6485
2025-04-26 09:03:44 INFO: Epoch 021 - Loss: 1.9400
2025-04-26 09:03:45 INFO: Epoch 022 - Loss: 1.4608
2025-04-26 09:03:45 INFO: Epoch 023 - Loss: 1.2139
2025-04-26 09:03:45 INFO: Epoch 024 - Loss: 0.8989
2025-04-26 09:03:45 INFO: Epoch 025 - Loss: 0.8578
2025-04-26 09:03:45 INFO: Epoch 026 - Loss: 0.7343
2025-04-26 09:03:45 INFO: Epoch 027 - Loss: 0.5323
2025-04-26 09:03:45 INFO: Epoch 028 - Loss: 0.4265
2025-04-26 09:03:45 INFO: Epoch 029 - Loss: 0.3330
2025-04-26 09:03:45 INFO: Epoch 030 - Loss: 0.2985
2025-04-26 09:03:45 INFO: Epoch 031 - Loss: 0.2672
2025-04-26 09:03:46 INFO: Epoch 032 - Loss: 0.2384
2025-04-26 09:03:46 INFO: Epoch 033 - Loss: 0.1711
2025-04-26 09:03:46 INFO: Epoch 034 - Loss: 0.1980
2025-04-26 09:03:46 INFO: Epoch 035 - Loss: 0.2741
2025-04-26 09:03:46 INFO: Epoch 036 - Loss: 0.1656
2025-04-26 09:03:46 INFO: Epoch 037 - Loss: 0.1974
2025-04-26 09:03:46 INFO: Epoch 038 - Loss: 0.1312
2025-04-26 09:03:46 INFO: Epoch 039 - Loss: 0.1458
2025-04-26 09:03:47 INFO: Epoch 040 - Loss: 0.1131
2025-04-26 09:03:47 INFO: Epoch 041 - Loss: 0.1284
2025-04-26 09:03:47 INFO: Epoch 042 - Loss: 0.0955
2025-04-26 09:03:47 INFO: Epoch 043 - Loss: 0.0703
2025-04-26 09:03:47 INFO: Epoch 044 - Loss: 0.1116
2025-04-26 09:03:47 INFO: Epoch 045 - Loss: 0.1679
2025-04-26 09:03:47 INFO: Epoch 046 - Loss: 0.1854
2025-04-26 09:03:47 INFO: Epoch 047 - Loss: 0.2041
2025-04-26 09:03:47 INFO: Epoch 048 - Loss: 0.3123
2025-04-26 09:03:48 INFO: Epoch 049 - Loss: 1.1484
2025-04-26 09:03:48 INFO: Epoch 050 - Loss: 3.2526
2025-04-26 09:03:48 INFO: Epoch 051 - Loss: 1.1493
2025-04-26 09:03:48 INFO: Epoch 052 - Loss: 0.7028
2025-04-26 09:03:48 INFO: Epoch 053 - Loss: 0.4820
2025-04-26 09:03:48 INFO: Epoch 054 - Loss: 0.3624
2025-04-26 09:03:48 INFO: Epoch 055 - Loss: 0.1393
2025-04-26 09:03:48 INFO: Epoch 056 - Loss: 0.1198
2025-04-26 09:03:49 INFO: Epoch 057 - Loss: 0.1387
2025-04-26 09:03:49 INFO: Epoch 058 - Loss: 0.1058
2025-04-26 09:03:49 INFO: Epoch 059 - Loss: 0.0794
2025-04-26 09:03:49 INFO: Epoch 060 - Loss: 0.0586
2025-04-26 09:03:49 INFO: Epoch 061 - Loss: 0.0527
2025-04-26 09:03:50 INFO: Epoch 062 - Loss: 0.0718
2025-04-26 09:03:50 INFO: Epoch 063 - Loss: 0.0731
2025-04-26 09:03:50 INFO: Epoch 064 - Loss: 0.0687
2025-04-26 09:03:50 INFO: Epoch 065 - Loss: 0.0445
2025-04-26 09:03:50 INFO: Epoch 066 - Loss: 0.0853
2025-04-26 09:03:51 INFO: Epoch 067 - Loss: 0.1818
2025-04-26 09:03:51 INFO: Epoch 068 - Loss: 0.1194
2025-04-26 09:03:51 INFO: Epoch 069 - Loss: 0.0889
2025-04-26 09:03:51 INFO: Epoch 070 - Loss: 0.0437
2025-04-26 09:03:51 INFO: Test Accuracy       : 0.9677
2025-04-26 09:03:51 INFO: Test Precision      : 0.9796
2025-04-26 09:03:51 INFO: Test Recall         : 0.9505
2025-04-26 09:03:51 INFO: Test F1 Score       : 0.9648
2025-04-26 09:03:51 INFO: 
Classification Report:
              precision    recall  f1-score   support

           0       0.96      0.98      0.97       116
           1       0.98      0.95      0.96       101

    accuracy                           0.97       217
   macro avg       0.97      0.97      0.97       217
weighted avg       0.97      0.97      0.97       217

2025-04-26 09:03:51 INFO: Confusion Matrix:
[[114   2]
 [  5  96]]
2025-04-26 09:04:01 INFO: Epoch 001 - Loss: 11.4656
2025-04-26 09:04:01 INFO: Epoch 002 - Loss: 5.8941
2025-04-26 09:04:01 INFO: Epoch 003 - Loss: 4.9192
2025-04-26 09:04:01 INFO: Epoch 004 - Loss: 4.0426
2025-04-26 09:04:01 INFO: Epoch 005 - Loss: 3.3817
2025-04-26 09:04:01 INFO: Epoch 006 - Loss: 2.8883
2025-04-26 09:04:01 INFO: Epoch 007 - Loss: 2.9203
2025-04-26 09:04:01 INFO: Epoch 008 - Loss: 2.5403
2025-04-26 09:04:02 INFO: Epoch 009 - Loss: 2.1393
2025-04-26 09:04:02 INFO: Epoch 010 - Loss: 1.7796
2025-04-26 09:04:02 INFO: Epoch 011 - Loss: 2.0976
2025-04-26 09:04:02 INFO: Epoch 012 - Loss: 1.8189
2025-04-26 09:04:02 INFO: Epoch 013 - Loss: 1.6522
2025-04-26 09:04:02 INFO: Epoch 014 - Loss: 2.1778
2025-04-26 09:04:02 INFO: Epoch 015 - Loss: 1.8608
2025-04-26 09:04:02 INFO: Epoch 016 - Loss: 2.1348
2025-04-26 09:04:02 INFO: Epoch 017 - Loss: 1.9343
2025-04-26 09:04:02 INFO: Epoch 018 - Loss: 2.9047
2025-04-26 09:04:03 INFO: Epoch 019 - Loss: 1.2568
2025-04-26 09:04:03 INFO: Epoch 020 - Loss: 0.8262
2025-04-26 09:04:03 INFO: Epoch 021 - Loss: 0.6777
2025-04-26 09:04:03 INFO: Epoch 022 - Loss: 0.6456
2025-04-26 09:04:03 INFO: Epoch 023 - Loss: 0.6053
2025-04-26 09:04:03 INFO: Epoch 024 - Loss: 0.6347
2025-04-26 09:04:03 INFO: Epoch 025 - Loss: 0.4122
2025-04-26 09:04:03 INFO: Epoch 026 - Loss: 0.3574
2025-04-26 09:04:03 INFO: Epoch 027 - Loss: 0.2571
2025-04-26 09:04:04 INFO: Epoch 028 - Loss: 0.3224
2025-04-26 09:04:04 INFO: Epoch 029 - Loss: 0.3928
2025-04-26 09:04:04 INFO: Epoch 030 - Loss: 0.2667
2025-04-26 09:04:04 INFO: Epoch 031 - Loss: 0.2924
2025-04-26 09:04:04 INFO: Epoch 032 - Loss: 0.2678
2025-04-26 09:04:04 INFO: Epoch 033 - Loss: 0.3350
2025-04-26 09:04:04 INFO: Epoch 034 - Loss: 0.4890
2025-04-26 09:04:04 INFO: Epoch 035 - Loss: 0.3139
2025-04-26 09:04:04 INFO: Epoch 036 - Loss: 0.3308
2025-04-26 09:04:05 INFO: Epoch 037 - Loss: 0.2717
2025-04-26 09:04:05 INFO: Epoch 038 - Loss: 0.8103
2025-04-26 09:04:05 INFO: Epoch 039 - Loss: 0.2448
2025-04-26 09:04:05 INFO: Epoch 040 - Loss: 0.1872
2025-04-26 09:04:05 INFO: Epoch 041 - Loss: 0.1258
2025-04-26 09:04:05 INFO: Epoch 042 - Loss: 0.1264
2025-04-26 09:04:05 INFO: Epoch 043 - Loss: 0.1025
2025-04-26 09:04:05 INFO: Epoch 044 - Loss: 0.1431
2025-04-26 09:04:05 INFO: Epoch 045 - Loss: 0.1898
2025-04-26 09:04:06 INFO: Epoch 046 - Loss: 0.0831
2025-04-26 09:04:06 INFO: Epoch 047 - Loss: 0.0704
2025-04-26 09:04:06 INFO: Epoch 048 - Loss: 0.0578
2025-04-26 09:04:06 INFO: Epoch 049 - Loss: 0.0512
2025-04-26 09:04:06 INFO: Epoch 050 - Loss: 0.0403
2025-04-26 09:04:06 INFO: Epoch 051 - Loss: 0.0430
2025-04-26 09:04:06 INFO: Epoch 052 - Loss: 0.0368
2025-04-26 09:04:07 INFO: Epoch 053 - Loss: 0.0624
2025-04-26 09:04:07 INFO: Epoch 054 - Loss: 0.0575
2025-04-26 09:04:07 INFO: Epoch 055 - Loss: 0.0358
2025-04-26 09:04:07 INFO: Epoch 056 - Loss: 0.0972
2025-04-26 09:04:07 INFO: Epoch 057 - Loss: 0.0659
2025-04-26 09:04:07 INFO: Epoch 058 - Loss: 0.0553
2025-04-26 09:04:08 INFO: Epoch 059 - Loss: 0.0335
2025-04-26 09:04:08 INFO: Epoch 060 - Loss: 0.0391
2025-04-26 09:04:08 INFO: Epoch 061 - Loss: 0.0364
2025-04-26 09:04:08 INFO: Epoch 062 - Loss: 0.0323
2025-04-26 09:04:08 INFO: Epoch 063 - Loss: 0.0182
2025-04-26 09:04:08 INFO: Epoch 064 - Loss: 0.0314
2025-04-26 09:04:09 INFO: Epoch 065 - Loss: 0.0299
2025-04-26 09:04:09 INFO: Epoch 066 - Loss: 0.0240
2025-04-26 09:04:09 INFO: Epoch 067 - Loss: 0.0173
2025-04-26 09:04:09 INFO: Epoch 068 - Loss: 0.0185
2025-04-26 09:04:09 INFO: Epoch 069 - Loss: 0.0180
2025-04-26 09:04:10 INFO: Epoch 070 - Loss: 0.0234
2025-04-26 09:04:10 INFO: Test Accuracy       : 0.9631
2025-04-26 09:04:10 INFO: Test Precision      : 0.9794
2025-04-26 09:04:10 INFO: Test Recall         : 0.9406
2025-04-26 09:04:10 INFO: Test F1 Score       : 0.9596
2025-04-26 09:04:10 INFO: 
Classification Report:
              precision    recall  f1-score   support

           0       0.95      0.98      0.97       116
           1       0.98      0.94      0.96       101

    accuracy                           0.96       217
   macro avg       0.96      0.96      0.96       217
weighted avg       0.96      0.96      0.96       217

2025-04-26 09:04:10 INFO: Confusion Matrix:
[[114   2]
 [  6  95]]
2025-04-26 09:05:03 INFO: Epoch 001 - Loss: 11.3611
2025-04-26 09:05:03 INFO: Epoch 002 - Loss: 6.5062
2025-04-26 09:05:03 INFO: Epoch 003 - Loss: 6.3292
2025-04-26 09:05:03 INFO: Epoch 004 - Loss: 5.3081
2025-04-26 09:05:03 INFO: Epoch 005 - Loss: 5.2227
2025-04-26 09:05:04 INFO: Epoch 006 - Loss: 4.4856
2025-04-26 09:05:04 INFO: Epoch 007 - Loss: 4.4104
2025-04-26 09:05:04 INFO: Epoch 008 - Loss: 3.7365
2025-04-26 09:05:04 INFO: Epoch 009 - Loss: 3.5589
2025-04-26 09:05:04 INFO: Epoch 010 - Loss: 2.8508
2025-04-26 09:05:04 INFO: Epoch 011 - Loss: 2.5501
2025-04-26 09:05:04 INFO: Epoch 012 - Loss: 2.2442
2025-04-26 09:05:04 INFO: Epoch 013 - Loss: 2.1515
2025-04-26 09:05:04 INFO: Epoch 014 - Loss: 1.8802
2025-04-26 09:05:04 INFO: Epoch 015 - Loss: 1.8531
2025-04-26 09:05:04 INFO: Epoch 016 - Loss: 1.9323
2025-04-26 09:05:05 INFO: Epoch 017 - Loss: 1.9740
2025-04-26 09:05:05 INFO: Epoch 018 - Loss: 1.6667
2025-04-26 09:05:05 INFO: Epoch 019 - Loss: 1.4944
2025-04-26 09:05:05 INFO: Epoch 020 - Loss: 1.3818
2025-04-26 09:05:05 INFO: Epoch 021 - Loss: 1.4021
2025-04-26 09:05:05 INFO: Epoch 022 - Loss: 1.3023
2025-04-26 09:05:05 INFO: Epoch 023 - Loss: 0.8331
2025-04-26 09:05:05 INFO: Epoch 024 - Loss: 0.7518
2025-04-26 09:05:05 INFO: Epoch 025 - Loss: 0.6726
2025-04-26 09:05:05 INFO: Epoch 026 - Loss: 0.8425
2025-04-26 09:05:06 INFO: Epoch 027 - Loss: 0.8416
2025-04-26 09:05:06 INFO: Epoch 028 - Loss: 0.9286
2025-04-26 09:05:06 INFO: Epoch 029 - Loss: 0.8345
2025-04-26 09:05:06 INFO: Epoch 030 - Loss: 0.7210
2025-04-26 09:05:06 INFO: Epoch 031 - Loss: 0.5177
2025-04-26 09:05:06 INFO: Epoch 032 - Loss: 0.5481
2025-04-26 09:05:06 INFO: Epoch 033 - Loss: 0.8578
2025-04-26 09:05:06 INFO: Epoch 034 - Loss: 0.9512
2025-04-26 09:05:06 INFO: Epoch 035 - Loss: 1.3359
2025-04-26 09:05:06 INFO: Epoch 036 - Loss: 0.7919
2025-04-26 09:05:07 INFO: Epoch 037 - Loss: 0.7959
2025-04-26 09:05:07 INFO: Epoch 038 - Loss: 0.6112
2025-04-26 09:05:07 INFO: Epoch 039 - Loss: 0.4183
2025-04-26 09:05:07 INFO: Epoch 040 - Loss: 0.3272
2025-04-26 09:05:07 INFO: Epoch 041 - Loss: 0.2245
2025-04-26 09:05:07 INFO: Epoch 042 - Loss: 0.6282
2025-04-26 09:05:07 INFO: Epoch 043 - Loss: 2.7477
2025-04-26 09:05:07 INFO: Epoch 044 - Loss: 0.9106
2025-04-26 09:05:07 INFO: Epoch 045 - Loss: 0.5337
2025-04-26 09:05:07 INFO: Epoch 046 - Loss: 0.3118
2025-04-26 09:05:07 INFO: Epoch 047 - Loss: 0.3649
2025-04-26 09:05:08 INFO: Epoch 048 - Loss: 0.3792
2025-04-26 09:05:08 INFO: Epoch 049 - Loss: 0.2812
2025-04-26 09:05:08 INFO: Epoch 050 - Loss: 0.3195
2025-04-26 09:05:08 INFO: Epoch 051 - Loss: 0.2723
2025-04-26 09:05:08 INFO: Epoch 052 - Loss: 0.1702
2025-04-26 09:05:08 INFO: Epoch 053 - Loss: 0.2491
2025-04-26 09:05:08 INFO: Epoch 054 - Loss: 0.2173
2025-04-26 09:05:08 INFO: Epoch 055 - Loss: 0.1565
2025-04-26 09:05:08 INFO: Epoch 056 - Loss: 0.1385
2025-04-26 09:05:09 INFO: Epoch 057 - Loss: 0.1592
2025-04-26 09:05:09 INFO: Epoch 058 - Loss: 0.2074
2025-04-26 09:05:09 INFO: Epoch 059 - Loss: 0.0893
2025-04-26 09:05:09 INFO: Epoch 060 - Loss: 0.1442
2025-04-26 09:05:09 INFO: Test Accuracy       : 0.9585
2025-04-26 09:05:09 INFO: Test Precision      : 0.9600
2025-04-26 09:05:09 INFO: Test Recall         : 0.9505
2025-04-26 09:05:09 INFO: Test F1 Score       : 0.9552
2025-04-26 09:05:09 INFO: 
Classification Report:
              precision    recall  f1-score   support

           0       0.96      0.97      0.96       116
           1       0.96      0.95      0.96       101

    accuracy                           0.96       217
   macro avg       0.96      0.96      0.96       217
weighted avg       0.96      0.96      0.96       217

2025-04-26 09:05:09 INFO: Confusion Matrix:
[[112   4]
 [  5  96]]
2025-04-26 09:06:16 INFO: Epoch 001 - Loss: 10.3074
2025-04-26 09:06:16 INFO: Epoch 002 - Loss: 7.8979
2025-04-26 09:06:16 INFO: Epoch 003 - Loss: 5.7594
2025-04-26 09:06:16 INFO: Epoch 004 - Loss: 5.2543
2025-04-26 09:06:16 INFO: Epoch 005 - Loss: 4.8979
2025-04-26 09:06:17 INFO: Epoch 006 - Loss: 3.8189
2025-04-26 09:06:17 INFO: Epoch 007 - Loss: 3.4855
2025-04-26 09:06:17 INFO: Epoch 008 - Loss: 3.1766
2025-04-26 09:06:17 INFO: Epoch 009 - Loss: 2.9906
2025-04-26 09:06:17 INFO: Epoch 010 - Loss: 2.5881
2025-04-26 09:06:17 INFO: Epoch 011 - Loss: 2.3442
2025-04-26 09:06:17 INFO: Epoch 012 - Loss: 2.4761
2025-04-26 09:06:17 INFO: Epoch 013 - Loss: 2.1278
2025-04-26 09:06:18 INFO: Epoch 014 - Loss: 1.9724
2025-04-26 09:06:18 INFO: Epoch 015 - Loss: 1.7511
2025-04-26 09:06:18 INFO: Epoch 016 - Loss: 1.5322
2025-04-26 09:06:18 INFO: Epoch 017 - Loss: 1.4709
2025-04-26 09:06:18 INFO: Epoch 018 - Loss: 1.1932
2025-04-26 09:06:18 INFO: Epoch 019 - Loss: 1.1583
2025-04-26 09:06:18 INFO: Epoch 020 - Loss: 1.1511
2025-04-26 09:06:18 INFO: Epoch 021 - Loss: 1.2737
2025-04-26 09:06:19 INFO: Epoch 022 - Loss: 1.3447
2025-04-26 09:06:19 INFO: Epoch 023 - Loss: 1.1063
2025-04-26 09:06:19 INFO: Epoch 024 - Loss: 1.4163
2025-04-26 09:06:19 INFO: Epoch 025 - Loss: 1.0018
2025-04-26 09:06:19 INFO: Epoch 026 - Loss: 0.8172
2025-04-26 09:06:19 INFO: Epoch 027 - Loss: 0.6933
2025-04-26 09:06:19 INFO: Epoch 028 - Loss: 0.5173
2025-04-26 09:06:20 INFO: Epoch 029 - Loss: 0.7950
2025-04-26 09:06:20 INFO: Epoch 030 - Loss: 1.0036
2025-04-26 09:06:20 INFO: Epoch 031 - Loss: 0.4917
2025-04-26 09:06:20 INFO: Epoch 032 - Loss: 0.5760
2025-04-26 09:06:20 INFO: Epoch 033 - Loss: 0.4104
2025-04-26 09:06:20 INFO: Epoch 034 - Loss: 0.3522
2025-04-26 09:06:20 INFO: Epoch 035 - Loss: 0.3937
2025-04-26 09:06:20 INFO: Epoch 036 - Loss: 0.3329
2025-04-26 09:06:21 INFO: Epoch 037 - Loss: 0.2776
2025-04-26 09:06:21 INFO: Epoch 038 - Loss: 0.2933
2025-04-26 09:06:21 INFO: Epoch 039 - Loss: 0.1834
2025-04-26 09:06:21 INFO: Epoch 040 - Loss: 0.1325
2025-04-26 09:06:21 INFO: Epoch 041 - Loss: 0.1724
2025-04-26 09:06:21 INFO: Epoch 042 - Loss: 0.1834
2025-04-26 09:06:21 INFO: Epoch 043 - Loss: 0.2299
2025-04-26 09:06:21 INFO: Epoch 044 - Loss: 0.1302
2025-04-26 09:06:22 INFO: Epoch 045 - Loss: 0.1066
2025-04-26 09:06:22 INFO: Epoch 046 - Loss: 0.1402
2025-04-26 09:06:22 INFO: Epoch 047 - Loss: 0.1727
2025-04-26 09:06:22 INFO: Epoch 048 - Loss: 0.1290
2025-04-26 09:06:22 INFO: Epoch 049 - Loss: 0.1413
2025-04-26 09:06:22 INFO: Epoch 050 - Loss: 0.1253
2025-04-26 09:06:22 INFO: Epoch 051 - Loss: 0.1091
2025-04-26 09:06:22 INFO: Epoch 052 - Loss: 0.0778
2025-04-26 09:06:23 INFO: Epoch 053 - Loss: 0.0578
2025-04-26 09:06:23 INFO: Epoch 054 - Loss: 0.0569
2025-04-26 09:06:23 INFO: Epoch 055 - Loss: 0.2033
2025-04-26 09:06:23 INFO: Epoch 056 - Loss: 1.1561
2025-04-26 09:06:23 INFO: Epoch 057 - Loss: 1.0482
2025-04-26 09:06:23 INFO: Epoch 058 - Loss: 1.4350
2025-04-26 09:06:23 INFO: Epoch 059 - Loss: 0.5949
2025-04-26 09:06:23 INFO: Epoch 060 - Loss: 0.6302
2025-04-26 09:06:23 INFO: Test Accuracy       : 0.9770
2025-04-26 09:06:23 INFO: Test Precision      : 0.9898
2025-04-26 09:06:23 INFO: Test Recall         : 0.9604
2025-04-26 09:06:23 INFO: Test F1 Score       : 0.9749
2025-04-26 09:06:23 INFO: 
Classification Report:
              precision    recall  f1-score   support

           0       0.97      0.99      0.98       116
           1       0.99      0.96      0.97       101

    accuracy                           0.98       217
   macro avg       0.98      0.98      0.98       217
weighted avg       0.98      0.98      0.98       217

2025-04-26 09:06:23 INFO: Confusion Matrix:
[[115   1]
 [  4  97]]
2025-04-26 09:06:31 INFO: Epoch 001 - Loss: 11.7474
2025-04-26 09:06:31 INFO: Epoch 002 - Loss: 6.3537
2025-04-26 09:06:32 INFO: Epoch 003 - Loss: 5.3867
2025-04-26 09:06:32 INFO: Epoch 004 - Loss: 4.3970
2025-04-26 09:06:32 INFO: Epoch 005 - Loss: 4.2104
2025-04-26 09:06:32 INFO: Epoch 006 - Loss: 3.7032
2025-04-26 09:06:32 INFO: Epoch 007 - Loss: 2.7968
2025-04-26 09:06:32 INFO: Epoch 008 - Loss: 2.5118
2025-04-26 09:06:32 INFO: Epoch 009 - Loss: 2.1671
2025-04-26 09:06:32 INFO: Epoch 010 - Loss: 2.0647
2025-04-26 09:06:32 INFO: Epoch 011 - Loss: 2.2366
2025-04-26 09:06:32 INFO: Epoch 012 - Loss: 2.3062
2025-04-26 09:06:33 INFO: Epoch 013 - Loss: 1.8095
2025-04-26 09:06:33 INFO: Epoch 014 - Loss: 1.5586
2025-04-26 09:06:33 INFO: Epoch 015 - Loss: 1.3831
2025-04-26 09:06:33 INFO: Epoch 016 - Loss: 1.1351
2025-04-26 09:06:33 INFO: Epoch 017 - Loss: 1.2365
2025-04-26 09:06:33 INFO: Epoch 018 - Loss: 1.1234
2025-04-26 09:06:33 INFO: Epoch 019 - Loss: 1.1071
2025-04-26 09:06:33 INFO: Epoch 020 - Loss: 0.9945
2025-04-26 09:06:33 INFO: Epoch 021 - Loss: 0.9161
2025-04-26 09:06:33 INFO: Epoch 022 - Loss: 1.0811
2025-04-26 09:06:33 INFO: Epoch 023 - Loss: 1.0973
2025-04-26 09:06:34 INFO: Epoch 024 - Loss: 0.7471
2025-04-26 09:06:34 INFO: Epoch 025 - Loss: 0.6485
2025-04-26 09:06:34 INFO: Epoch 026 - Loss: 0.5809
2025-04-26 09:06:34 INFO: Epoch 027 - Loss: 0.6078
2025-04-26 09:06:34 INFO: Epoch 028 - Loss: 0.4558
2025-04-26 09:06:34 INFO: Epoch 029 - Loss: 0.3404
2025-04-26 09:06:34 INFO: Epoch 030 - Loss: 0.3145
2025-04-26 09:06:34 INFO: Epoch 031 - Loss: 0.4127
2025-04-26 09:06:34 INFO: Epoch 032 - Loss: 0.3464
2025-04-26 09:06:34 INFO: Epoch 033 - Loss: 0.3450
2025-04-26 09:06:35 INFO: Epoch 034 - Loss: 0.3843
2025-04-26 09:06:35 INFO: Epoch 035 - Loss: 0.2816
2025-04-26 09:06:35 INFO: Epoch 036 - Loss: 0.4220
2025-04-26 09:06:35 INFO: Epoch 037 - Loss: 0.3719
2025-04-26 09:06:35 INFO: Epoch 038 - Loss: 0.3800
2025-04-26 09:06:35 INFO: Epoch 039 - Loss: 0.4149
2025-04-26 09:06:35 INFO: Epoch 040 - Loss: 0.4304
2025-04-26 09:06:35 INFO: Epoch 041 - Loss: 0.1413
2025-04-26 09:06:35 INFO: Epoch 042 - Loss: 0.1492
2025-04-26 09:06:35 INFO: Epoch 043 - Loss: 0.1608
2025-04-26 09:06:36 INFO: Epoch 044 - Loss: 0.1724
2025-04-26 09:06:36 INFO: Epoch 045 - Loss: 0.1803
2025-04-26 09:06:36 INFO: Epoch 046 - Loss: 0.1850
2025-04-26 09:06:36 INFO: Epoch 047 - Loss: 0.3214
2025-04-26 09:06:36 INFO: Epoch 048 - Loss: 0.2612
2025-04-26 09:06:36 INFO: Epoch 049 - Loss: 0.1377
2025-04-26 09:06:36 INFO: Epoch 050 - Loss: 0.0950
2025-04-26 09:06:36 INFO: Epoch 051 - Loss: 0.1125
2025-04-26 09:06:36 INFO: Epoch 052 - Loss: 0.0808
2025-04-26 09:06:36 INFO: Epoch 053 - Loss: 0.0948
2025-04-26 09:06:37 INFO: Epoch 054 - Loss: 0.0570
2025-04-26 09:06:37 INFO: Epoch 055 - Loss: 0.1963
2025-04-26 09:06:37 INFO: Epoch 056 - Loss: 0.3662
2025-04-26 09:06:37 INFO: Epoch 057 - Loss: 0.2232
2025-04-26 09:06:37 INFO: Epoch 058 - Loss: 0.4405
2025-04-26 09:06:37 INFO: Epoch 059 - Loss: 2.0972
2025-04-26 09:06:37 INFO: Epoch 060 - Loss: 0.9964
2025-04-26 09:06:37 INFO: Test Accuracy       : 0.9447
2025-04-26 09:06:37 INFO: Test Precision      : 0.9684
2025-04-26 09:06:37 INFO: Test Recall         : 0.9109
2025-04-26 09:06:37 INFO: Test F1 Score       : 0.9388
2025-04-26 09:06:37 INFO: 
Classification Report:
              precision    recall  f1-score   support

           0       0.93      0.97      0.95       116
           1       0.97      0.91      0.94       101

    accuracy                           0.94       217
   macro avg       0.95      0.94      0.94       217
weighted avg       0.95      0.94      0.94       217

2025-04-26 09:06:37 INFO: Confusion Matrix:
[[113   3]
 [  9  92]]
2025-04-26 09:07:05 INFO: Epoch 001 - Loss: 11.1210
2025-04-26 09:07:05 INFO: Epoch 002 - Loss: 6.0035
2025-04-26 09:07:05 INFO: Epoch 003 - Loss: 5.3172
2025-04-26 09:07:05 INFO: Epoch 004 - Loss: 4.5301
2025-04-26 09:07:05 INFO: Epoch 005 - Loss: 4.1331
2025-04-26 09:07:05 INFO: Epoch 006 - Loss: 3.6219
2025-04-26 09:07:06 INFO: Epoch 007 - Loss: 3.1782
2025-04-26 09:07:06 INFO: Epoch 008 - Loss: 2.9004
2025-04-26 09:07:06 INFO: Epoch 009 - Loss: 2.4818
2025-04-26 09:07:06 INFO: Epoch 010 - Loss: 2.4526
2025-04-26 09:07:06 INFO: Epoch 011 - Loss: 2.3952
2025-04-26 09:07:06 INFO: Epoch 012 - Loss: 1.6287
2025-04-26 09:07:06 INFO: Epoch 013 - Loss: 1.6270
2025-04-26 09:07:06 INFO: Epoch 014 - Loss: 1.7258
2025-04-26 09:07:06 INFO: Epoch 015 - Loss: 1.4071
2025-04-26 09:07:06 INFO: Epoch 016 - Loss: 1.1996
2025-04-26 09:07:06 INFO: Epoch 017 - Loss: 1.1469
2025-04-26 09:07:07 INFO: Epoch 018 - Loss: 1.0325
2025-04-26 09:07:07 INFO: Epoch 019 - Loss: 1.1654
2025-04-26 09:07:07 INFO: Epoch 020 - Loss: 0.7761
2025-04-26 09:07:07 INFO: Epoch 021 - Loss: 0.7687
2025-04-26 09:07:07 INFO: Epoch 022 - Loss: 0.9672
2025-04-26 09:07:07 INFO: Epoch 023 - Loss: 0.7831
2025-04-26 09:07:07 INFO: Epoch 024 - Loss: 0.6269
2025-04-26 09:07:07 INFO: Epoch 025 - Loss: 0.5405
2025-04-26 09:07:07 INFO: Epoch 026 - Loss: 0.4122
2025-04-26 09:07:08 INFO: Epoch 027 - Loss: 0.5161
2025-04-26 09:07:08 INFO: Epoch 028 - Loss: 0.3555
2025-04-26 09:07:08 INFO: Epoch 029 - Loss: 0.5666
2025-04-26 09:07:08 INFO: Epoch 030 - Loss: 0.5466
2025-04-26 09:07:08 INFO: Epoch 031 - Loss: 0.3546
2025-04-26 09:07:08 INFO: Epoch 032 - Loss: 1.1566
2025-04-26 09:07:08 INFO: Epoch 033 - Loss: 1.9762
2025-04-26 09:07:08 INFO: Epoch 034 - Loss: 1.2148
2025-04-26 09:07:08 INFO: Epoch 035 - Loss: 0.9921
2025-04-26 09:07:08 INFO: Epoch 036 - Loss: 0.6400
2025-04-26 09:07:09 INFO: Epoch 037 - Loss: 0.8509
2025-04-26 09:07:09 INFO: Epoch 038 - Loss: 0.5056
2025-04-26 09:07:09 INFO: Epoch 039 - Loss: 0.3786
2025-04-26 09:07:09 INFO: Epoch 040 - Loss: 0.5968
2025-04-26 09:07:09 INFO: Epoch 041 - Loss: 0.6940
2025-04-26 09:07:09 INFO: Epoch 042 - Loss: 0.4113
2025-04-26 09:07:09 INFO: Epoch 043 - Loss: 0.5514
2025-04-26 09:07:09 INFO: Epoch 044 - Loss: 0.2817
2025-04-26 09:07:09 INFO: Epoch 045 - Loss: 0.1852
2025-04-26 09:07:09 INFO: Epoch 046 - Loss: 0.2312
2025-04-26 09:07:10 INFO: Epoch 047 - Loss: 0.4944
2025-04-26 09:07:10 INFO: Epoch 048 - Loss: 0.2609
2025-04-26 09:07:10 INFO: Epoch 049 - Loss: 0.2169
2025-04-26 09:07:10 INFO: Epoch 050 - Loss: 0.3771
2025-04-26 09:07:10 INFO: Epoch 051 - Loss: 0.3084
2025-04-26 09:07:10 INFO: Epoch 052 - Loss: 0.1634
2025-04-26 09:07:10 INFO: Epoch 053 - Loss: 0.1940
2025-04-26 09:07:10 INFO: Epoch 054 - Loss: 0.1317
2025-04-26 09:07:10 INFO: Epoch 055 - Loss: 0.1084
2025-04-26 09:07:10 INFO: Epoch 056 - Loss: 0.0904
2025-04-26 09:07:11 INFO: Epoch 057 - Loss: 0.0763
2025-04-26 09:07:11 INFO: Epoch 058 - Loss: 0.1051
2025-04-26 09:07:11 INFO: Epoch 059 - Loss: 0.0644
2025-04-26 09:07:11 INFO: Epoch 060 - Loss: 0.0827
2025-04-26 09:07:11 INFO: Test Accuracy       : 0.9539
2025-04-26 09:07:11 INFO: Test Precision      : 0.9691
2025-04-26 09:07:11 INFO: Test Recall         : 0.9307
2025-04-26 09:07:11 INFO: Test F1 Score       : 0.9495
2025-04-26 09:07:11 INFO: 
Classification Report:
              precision    recall  f1-score   support

           0       0.94      0.97      0.96       116
           1       0.97      0.93      0.95       101

    accuracy                           0.95       217
   macro avg       0.96      0.95      0.95       217
weighted avg       0.95      0.95      0.95       217

2025-04-26 09:07:11 INFO: Confusion Matrix:
[[113   3]
 [  7  94]]
