2025-04-26 12:21:36 INFO: Epoch 001 - Loss: 9.6297
2025-04-26 12:21:36 INFO: Epoch 002 - Loss: 5.0532
2025-04-26 12:21:36 INFO: Epoch 003 - Loss: 4.3455
2025-04-26 12:21:36 INFO: Epoch 004 - Loss: 3.5722
2025-04-26 12:21:36 INFO: Epoch 005 - Loss: 3.0463
2025-04-26 12:21:36 INFO: Epoch 006 - Loss: 2.5717
2025-04-26 12:21:36 INFO: Epoch 007 - Loss: 2.6249
2025-04-26 12:21:36 INFO: Epoch 008 - Loss: 2.1984
2025-04-26 12:21:37 INFO: Epoch 009 - Loss: 1.9413
2025-04-26 12:21:37 INFO: Epoch 010 - Loss: 1.5995
2025-04-26 12:21:37 INFO: Epoch 011 - Loss: 1.7166
2025-04-26 12:21:37 INFO: Epoch 012 - Loss: 1.9803
2025-04-26 12:21:37 INFO: Epoch 013 - Loss: 1.3283
2025-04-26 12:21:37 INFO: Epoch 014 - Loss: 1.2172
2025-04-26 12:21:37 INFO: Epoch 015 - Loss: 1.4430
2025-04-26 12:21:37 INFO: Epoch 016 - Loss: 2.1256
2025-04-26 12:21:37 INFO: Epoch 017 - Loss: 0.9735
2025-04-26 12:21:37 INFO: Epoch 018 - Loss: 0.8148
2025-04-26 12:21:38 INFO: Epoch 019 - Loss: 0.6587
2025-04-26 12:21:38 INFO: Epoch 020 - Loss: 0.4866
2025-04-26 12:21:38 INFO: Epoch 021 - Loss: 0.4337
2025-04-26 12:21:38 INFO: Epoch 022 - Loss: 0.4604
2025-04-26 12:21:38 INFO: Epoch 023 - Loss: 0.4108
2025-04-26 12:21:38 INFO: Epoch 024 - Loss: 0.3491
2025-04-26 12:21:38 INFO: Epoch 025 - Loss: 0.2658
2025-04-26 12:21:38 INFO: Epoch 026 - Loss: 0.2718
2025-04-26 12:21:38 INFO: Epoch 027 - Loss: 0.2048
2025-04-26 12:21:38 INFO: Epoch 028 - Loss: 0.1903
2025-04-26 12:21:39 INFO: Epoch 029 - Loss: 0.1563
2025-04-26 12:21:39 INFO: Epoch 030 - Loss: 0.1416
2025-04-26 12:21:39 INFO: Epoch 031 - Loss: 0.1672
2025-04-26 12:21:39 INFO: Epoch 032 - Loss: 0.1037
2025-04-26 12:21:39 INFO: Epoch 033 - Loss: 0.0921
2025-04-26 12:21:39 INFO: Epoch 034 - Loss: 0.0902
2025-04-26 12:21:39 INFO: Epoch 035 - Loss: 0.1099
2025-04-26 12:21:39 INFO: Epoch 036 - Loss: 0.0842
2025-04-26 12:21:39 INFO: Epoch 037 - Loss: 0.0680
2025-04-26 12:21:39 INFO: Epoch 038 - Loss: 0.0491
2025-04-26 12:21:40 INFO: Epoch 039 - Loss: 0.0530
2025-04-26 12:21:40 INFO: Epoch 040 - Loss: 0.0462
2025-04-26 12:21:40 INFO: Epoch 041 - Loss: 0.0495
2025-04-26 12:21:40 INFO: Epoch 042 - Loss: 0.0427
2025-04-26 12:21:40 INFO: Epoch 043 - Loss: 0.0332
2025-04-26 12:21:40 INFO: Epoch 044 - Loss: 0.0354
2025-04-26 12:21:40 INFO: Epoch 045 - Loss: 0.0290
2025-04-26 12:21:40 INFO: Epoch 046 - Loss: 0.0283
2025-04-26 12:21:40 INFO: Epoch 047 - Loss: 0.0275
2025-04-26 12:21:41 INFO: Epoch 048 - Loss: 0.0236
2025-04-26 12:21:41 INFO: Epoch 049 - Loss: 0.0233
2025-04-26 12:21:41 INFO: Epoch 050 - Loss: 0.0254
2025-04-26 12:21:41 INFO: Epoch 051 - Loss: 0.0265
2025-04-26 12:21:41 INFO: Epoch 052 - Loss: 0.0184
2025-04-26 12:21:41 INFO: Epoch 053 - Loss: 0.0173
2025-04-26 12:21:41 INFO: Epoch 054 - Loss: 0.0159
2025-04-26 12:21:41 INFO: Epoch 055 - Loss: 0.0158
2025-04-26 12:21:41 INFO: Epoch 056 - Loss: 0.0149
2025-04-26 12:21:42 INFO: Epoch 057 - Loss: 0.0138
2025-04-26 12:21:42 INFO: Epoch 058 - Loss: 0.0141
2025-04-26 12:21:42 INFO: Epoch 059 - Loss: 0.0124
2025-04-26 12:21:42 INFO: Epoch 060 - Loss: 0.0124
2025-04-26 12:21:42 INFO: Epoch 061 - Loss: 0.0118
2025-04-26 12:21:42 INFO: Epoch 062 - Loss: 0.0115
2025-04-26 12:21:42 INFO: Epoch 063 - Loss: 0.0118
2025-04-26 12:21:42 INFO: Epoch 064 - Loss: 0.0105
2025-04-26 12:21:43 INFO: Epoch 065 - Loss: 0.0095
2025-04-26 12:21:43 INFO: Epoch 066 - Loss: 0.0096
2025-04-26 12:21:43 INFO: Epoch 067 - Loss: 0.0088
2025-04-26 12:21:43 INFO: Epoch 068 - Loss: 0.0084
2025-04-26 12:21:43 INFO: Epoch 069 - Loss: 0.0079
2025-04-26 12:21:43 INFO: Epoch 070 - Loss: 0.0077
2025-04-26 12:21:43 INFO: Epoch 071 - Loss: 0.0073
2025-04-26 12:21:43 INFO: Epoch 072 - Loss: 0.0073
2025-04-26 12:21:43 INFO: Epoch 073 - Loss: 0.0070
2025-04-26 12:21:44 INFO: Epoch 074 - Loss: 0.0070
2025-04-26 12:21:44 INFO: Epoch 075 - Loss: 0.0065
2025-04-26 12:21:44 INFO: Epoch 076 - Loss: 0.0061
2025-04-26 12:21:44 INFO: Epoch 077 - Loss: 0.0062
2025-04-26 12:21:44 INFO: Epoch 078 - Loss: 0.0055
2025-04-26 12:21:44 INFO: Epoch 079 - Loss: 0.0057
2025-04-26 12:21:44 INFO: Epoch 080 - Loss: 0.0053
2025-04-26 12:21:44 INFO: Epoch 081 - Loss: 0.0051
2025-04-26 12:21:44 INFO: Epoch 082 - Loss: 0.0058
2025-04-26 12:21:45 INFO: Epoch 083 - Loss: 0.0065
2025-04-26 12:21:45 INFO: Epoch 084 - Loss: 0.0049
2025-04-26 12:21:45 INFO: Epoch 085 - Loss: 0.0045
2025-04-26 12:21:45 INFO: Epoch 086 - Loss: 0.0044
2025-04-26 12:21:45 INFO: Epoch 087 - Loss: 0.0041
2025-04-26 12:21:45 INFO: Epoch 088 - Loss: 0.0039
2025-04-26 12:21:45 INFO: Epoch 089 - Loss: 0.0038
2025-04-26 12:21:45 INFO: Epoch 090 - Loss: 0.0063
2025-04-26 12:21:46 INFO: Epoch 091 - Loss: 0.0094
2025-04-26 12:21:46 INFO: Epoch 092 - Loss: 0.0088
2025-04-26 12:21:46 INFO: Epoch 093 - Loss: 0.0053
2025-04-26 12:21:46 INFO: Epoch 094 - Loss: 0.0035
2025-04-26 12:21:46 INFO: Epoch 095 - Loss: 0.0031
2025-04-26 12:21:46 INFO: Epoch 096 - Loss: 0.0029
2025-04-26 12:21:46 INFO: Epoch 097 - Loss: 0.0029
2025-04-26 12:21:46 INFO: Epoch 098 - Loss: 0.0029
2025-04-26 12:21:47 INFO: Epoch 099 - Loss: 0.0026
2025-04-26 12:21:47 INFO: Epoch 100 - Loss: 0.0026
2025-04-26 12:21:47 INFO: Test Accuracy: 95.39%
2025-04-26 12:21:47 INFO: Confusion Matrix:
[[113   3]
 [  7  94]]
2025-04-26 14:53:35 INFO: Epoch 001 - Loss: 9.1383
2025-04-26 14:53:35 INFO: Epoch 002 - Loss: 5.1245
2025-04-26 14:53:35 INFO: Epoch 003 - Loss: 4.2388
2025-04-26 14:53:35 INFO: Epoch 004 - Loss: 3.5821
2025-04-26 14:53:35 INFO: Epoch 005 - Loss: 3.1301
2025-04-26 14:53:35 INFO: Epoch 006 - Loss: 3.1791
2025-04-26 14:53:35 INFO: Epoch 007 - Loss: 3.4768
2025-04-26 14:53:35 INFO: Epoch 008 - Loss: 3.6248
2025-04-26 14:53:36 INFO: Epoch 009 - Loss: 1.8948
2025-04-26 14:53:36 INFO: Epoch 010 - Loss: 1.6608
2025-04-26 14:53:36 INFO: Epoch 011 - Loss: 1.4634
2025-04-26 14:53:36 INFO: Epoch 012 - Loss: 1.2408
2025-04-26 14:53:36 INFO: Epoch 013 - Loss: 1.1488
2025-04-26 14:53:36 INFO: Epoch 014 - Loss: 1.0644
2025-04-26 14:53:36 INFO: Epoch 015 - Loss: 1.0665
2025-04-26 14:53:37 INFO: Epoch 016 - Loss: 0.8853
2025-04-26 14:53:37 INFO: Epoch 017 - Loss: 0.7740
2025-04-26 14:53:37 INFO: Epoch 018 - Loss: 0.8562
2025-04-26 14:53:37 INFO: Epoch 019 - Loss: 0.7865
2025-04-26 14:53:37 INFO: Epoch 020 - Loss: 0.6896
2025-04-26 14:53:37 INFO: Epoch 021 - Loss: 0.5192
2025-04-26 14:53:37 INFO: Epoch 022 - Loss: 0.3748
2025-04-26 14:53:37 INFO: Epoch 023 - Loss: 0.2821
2025-04-26 14:53:37 INFO: Epoch 024 - Loss: 0.2447
2025-04-26 14:53:38 INFO: Epoch 025 - Loss: 0.2341
2025-04-26 14:53:38 INFO: Epoch 026 - Loss: 0.2174
2025-04-26 14:53:38 INFO: Epoch 027 - Loss: 0.2493
2025-04-26 14:53:38 INFO: Epoch 028 - Loss: 0.1772
2025-04-26 14:53:38 INFO: Epoch 029 - Loss: 0.2355
2025-04-26 14:53:38 INFO: Epoch 030 - Loss: 0.1756
2025-04-26 14:53:38 INFO: Epoch 031 - Loss: 0.1358
2025-04-26 14:53:38 INFO: Epoch 032 - Loss: 0.0995
2025-04-26 14:53:39 INFO: Epoch 033 - Loss: 0.1278
2025-04-26 14:53:39 INFO: Epoch 034 - Loss: 0.0981
2025-04-26 14:53:39 INFO: Epoch 035 - Loss: 0.0636
2025-04-26 14:53:39 INFO: Epoch 036 - Loss: 0.0456
2025-04-26 14:53:39 INFO: Epoch 037 - Loss: 0.0412
2025-04-26 14:53:39 INFO: Epoch 038 - Loss: 0.0372
2025-04-26 14:53:39 INFO: Epoch 039 - Loss: 0.0361
2025-04-26 14:53:39 INFO: Epoch 040 - Loss: 0.0369
2025-04-26 14:53:40 INFO: Epoch 041 - Loss: 0.0321
2025-04-26 14:53:40 INFO: Epoch 042 - Loss: 0.0260
2025-04-26 14:53:40 INFO: Epoch 043 - Loss: 0.0253
2025-04-26 14:53:40 INFO: Epoch 044 - Loss: 0.0235
2025-04-26 14:53:40 INFO: Epoch 045 - Loss: 0.0212
2025-04-26 14:53:40 INFO: Epoch 046 - Loss: 0.0212
2025-04-26 14:53:41 INFO: Epoch 047 - Loss: 0.0200
2025-04-26 14:53:41 INFO: Epoch 048 - Loss: 0.0180
2025-04-26 14:53:41 INFO: Epoch 049 - Loss: 0.0171
2025-04-26 14:53:41 INFO: Epoch 050 - Loss: 0.0197
2025-04-26 14:53:41 INFO: Epoch 051 - Loss: 0.0263
2025-04-26 14:53:41 INFO: Epoch 052 - Loss: 0.0163
2025-04-26 14:53:42 INFO: Epoch 053 - Loss: 0.0142
2025-04-26 14:53:42 INFO: Epoch 054 - Loss: 0.0127
2025-04-26 14:53:42 INFO: Epoch 055 - Loss: 0.0123
2025-04-26 14:53:42 INFO: Epoch 056 - Loss: 0.0132
2025-04-26 14:53:42 INFO: Epoch 057 - Loss: 0.0111
2025-04-26 14:53:42 INFO: Epoch 058 - Loss: 0.0112
2025-04-26 14:53:43 INFO: Epoch 059 - Loss: 0.0112
2025-04-26 14:53:43 INFO: Epoch 060 - Loss: 0.0100
2025-04-26 14:53:43 INFO: Epoch 061 - Loss: 0.0093
2025-04-26 14:53:43 INFO: Epoch 062 - Loss: 0.0087
2025-04-26 14:53:43 INFO: Epoch 063 - Loss: 0.0085
2025-04-26 14:53:43 INFO: Epoch 064 - Loss: 0.0081
2025-04-26 14:53:43 INFO: Epoch 065 - Loss: 0.0078
2025-04-26 14:53:44 INFO: Epoch 066 - Loss: 0.0077
2025-04-26 14:53:44 INFO: Epoch 067 - Loss: 0.0078
2025-04-26 14:53:44 INFO: Epoch 068 - Loss: 0.0074
2025-04-26 14:53:44 INFO: Epoch 069 - Loss: 0.0076
2025-04-26 14:53:44 INFO: Epoch 070 - Loss: 0.0069
2025-04-26 14:53:44 INFO: Epoch 071 - Loss: 0.0069
2025-04-26 14:53:44 INFO: Epoch 072 - Loss: 0.0060
2025-04-26 14:53:44 INFO: Epoch 073 - Loss: 0.0057
2025-04-26 14:53:45 INFO: Epoch 074 - Loss: 0.0056
2025-04-26 14:53:45 INFO: Epoch 075 - Loss: 0.0054
2025-04-26 14:53:45 INFO: Epoch 076 - Loss: 0.0059
2025-04-26 14:53:45 INFO: Epoch 077 - Loss: 0.0054
2025-04-26 14:53:45 INFO: Epoch 078 - Loss: 0.0058
2025-04-26 14:53:45 INFO: Epoch 079 - Loss: 0.0049
2025-04-26 14:53:45 INFO: Epoch 080 - Loss: 0.0047
2025-04-26 14:53:46 INFO: Epoch 081 - Loss: 0.0046
2025-04-26 14:53:46 INFO: Epoch 082 - Loss: 0.0041
2025-04-26 14:53:46 INFO: Epoch 083 - Loss: 0.0049
2025-04-26 14:53:46 INFO: Epoch 084 - Loss: 0.0042
2025-04-26 14:53:46 INFO: Epoch 085 - Loss: 0.0039
2025-04-26 14:53:46 INFO: Epoch 086 - Loss: 0.0050
2025-04-26 14:53:46 INFO: Epoch 087 - Loss: 0.0045
2025-04-26 14:53:47 INFO: Epoch 088 - Loss: 0.0038
2025-04-26 14:53:47 INFO: Epoch 089 - Loss: 0.0033
2025-04-26 14:53:47 INFO: Epoch 090 - Loss: 0.0033
2025-04-26 14:53:47 INFO: Epoch 091 - Loss: 0.0033
2025-04-26 14:53:47 INFO: Epoch 092 - Loss: 0.0030
2025-04-26 14:53:47 INFO: Epoch 093 - Loss: 0.0037
2025-04-26 14:53:47 INFO: Epoch 094 - Loss: 0.0033
2025-04-26 14:53:47 INFO: Epoch 095 - Loss: 0.0030
2025-04-26 14:53:48 INFO: Epoch 096 - Loss: 0.0027
2025-04-26 14:53:48 INFO: Epoch 097 - Loss: 0.0047
2025-04-26 14:53:48 INFO: Epoch 098 - Loss: 0.0029
2025-04-26 14:53:48 INFO: Epoch 099 - Loss: 0.0029
2025-04-26 14:53:48 INFO: Epoch 100 - Loss: 0.0025
2025-04-26 14:53:48 INFO: Test Accuracy: 96.31%
2025-04-26 14:53:48 INFO: Confusion Matrix:
[[114   2]
 [  6  95]]
