2025-04-26 09:46:06 INFO: Epoch 001 - Loss: 17.1342
2025-04-26 09:46:06 INFO: Epoch 002 - Loss: 10.7141
2025-04-26 09:46:07 INFO: Epoch 003 - Loss: 10.2558
2025-04-26 09:46:07 INFO: Epoch 004 - Loss: 10.5143
2025-04-26 09:46:07 INFO: Epoch 005 - Loss: 9.0885
2025-04-26 09:46:07 INFO: Epoch 006 - Loss: 7.7878
2025-04-26 09:46:08 INFO: Epoch 007 - Loss: 5.3897
2025-04-26 09:46:08 INFO: Epoch 008 - Loss: 5.5806
2025-04-26 09:46:08 INFO: Epoch 009 - Loss: 3.9891
2025-04-26 09:46:08 INFO: Epoch 010 - Loss: 3.5245
2025-04-26 09:46:09 INFO: Epoch 011 - Loss: 3.4100
2025-04-26 09:46:09 INFO: Epoch 012 - Loss: 2.6338
2025-04-26 09:46:09 INFO: Epoch 013 - Loss: 2.3842
2025-04-26 09:46:10 INFO: Epoch 014 - Loss: 1.8435
2025-04-26 09:46:10 INFO: Epoch 015 - Loss: 2.0762
2025-04-26 09:46:10 INFO: Epoch 016 - Loss: 2.1213
2025-04-26 09:46:11 INFO: Epoch 017 - Loss: 1.8323
2025-04-26 09:46:11 INFO: Epoch 018 - Loss: 1.4357
2025-04-26 09:46:11 INFO: Epoch 019 - Loss: 1.3172
2025-04-26 09:46:12 INFO: Epoch 020 - Loss: 1.2544
2025-04-26 09:46:12 INFO: Epoch 021 - Loss: 1.1613
2025-04-26 09:46:12 INFO: Epoch 022 - Loss: 1.8608
2025-04-26 09:46:13 INFO: Epoch 023 - Loss: 1.5373
2025-04-26 09:46:13 INFO: Epoch 024 - Loss: 1.5372
2025-04-26 09:46:13 INFO: Epoch 025 - Loss: 1.3531
2025-04-26 09:46:14 INFO: Epoch 026 - Loss: 0.7763
2025-04-26 09:46:14 INFO: Epoch 027 - Loss: 0.5190
2025-04-26 09:46:14 INFO: Epoch 028 - Loss: 0.4711
2025-04-26 09:46:15 INFO: Epoch 029 - Loss: 0.4191
2025-04-26 09:46:15 INFO: Epoch 030 - Loss: 1.8576
2025-04-26 09:46:15 INFO: Epoch 031 - Loss: 1.6198
2025-04-26 09:46:15 INFO: Epoch 032 - Loss: 0.5255
2025-04-26 09:46:16 INFO: Epoch 033 - Loss: 0.3940
2025-04-26 09:46:16 INFO: Epoch 034 - Loss: 0.2930
2025-04-26 09:46:16 INFO: Epoch 035 - Loss: 0.4536
2025-04-26 09:46:17 INFO: Epoch 036 - Loss: 0.2693
2025-04-26 09:46:17 INFO: Epoch 037 - Loss: 0.0785
2025-04-26 09:46:17 INFO: Epoch 038 - Loss: 0.0303
2025-04-26 09:46:18 INFO: Epoch 039 - Loss: 0.0196
2025-04-26 09:46:18 INFO: Epoch 040 - Loss: 0.0124
2025-04-26 09:46:18 INFO: Epoch 041 - Loss: 0.0088
2025-04-26 09:46:18 INFO: Epoch 042 - Loss: 0.0070
2025-04-26 09:46:19 INFO: Epoch 043 - Loss: 0.0060
2025-04-26 09:46:19 INFO: Epoch 044 - Loss: 0.0052
2025-04-26 09:46:19 INFO: Epoch 045 - Loss: 0.0044
2025-04-26 09:46:20 INFO: Epoch 046 - Loss: 0.0039
2025-04-26 09:46:20 INFO: Epoch 047 - Loss: 0.0036
2025-04-26 09:46:20 INFO: Epoch 048 - Loss: 0.0033
2025-04-26 09:46:20 INFO: Epoch 049 - Loss: 0.0028
2025-04-26 09:46:21 INFO: Epoch 050 - Loss: 0.0026
2025-04-26 09:46:21 INFO: Epoch 051 - Loss: 0.0024
2025-04-26 09:46:21 INFO: Epoch 052 - Loss: 0.0022
2025-04-26 09:46:22 INFO: Epoch 053 - Loss: 0.0020
2025-04-26 09:46:22 INFO: Epoch 054 - Loss: 0.0019
2025-04-26 09:46:22 INFO: Epoch 055 - Loss: 0.0018
2025-04-26 09:46:22 INFO: Epoch 056 - Loss: 0.0017
2025-04-26 09:46:23 INFO: Epoch 057 - Loss: 0.0016
2025-04-26 09:46:23 INFO: Epoch 058 - Loss: 0.0015
2025-04-26 09:46:23 INFO: Epoch 059 - Loss: 0.0014
2025-04-26 09:46:23 INFO: Epoch 060 - Loss: 0.0013
2025-04-26 09:46:24 INFO: Epoch 061 - Loss: 0.0012
2025-04-26 09:46:24 INFO: Epoch 062 - Loss: 0.0012
2025-04-26 09:46:24 INFO: Epoch 063 - Loss: 0.0011
2025-04-26 09:46:25 INFO: Epoch 064 - Loss: 0.0010
2025-04-26 09:46:25 INFO: Epoch 065 - Loss: 0.0010
2025-04-26 09:46:25 INFO: Epoch 066 - Loss: 0.0009
2025-04-26 09:46:25 INFO: Epoch 067 - Loss: 0.0009
2025-04-26 09:46:26 INFO: Epoch 068 - Loss: 0.0013
2025-04-26 09:46:26 INFO: Epoch 069 - Loss: 0.0008
2025-04-26 09:46:26 INFO: Epoch 070 - Loss: 0.0008
2025-04-26 09:46:27 INFO: Epoch 071 - Loss: 0.0008
2025-04-26 09:46:27 INFO: Epoch 072 - Loss: 0.0007
2025-04-26 09:46:27 INFO: Epoch 073 - Loss: 0.0007
2025-04-26 09:46:27 INFO: Epoch 074 - Loss: 0.0007
2025-04-26 09:46:28 INFO: Epoch 075 - Loss: 0.0006
2025-04-26 09:46:28 INFO: Epoch 076 - Loss: 0.0007
2025-04-26 09:46:28 INFO: Epoch 077 - Loss: 0.0006
2025-04-26 09:46:29 INFO: Epoch 078 - Loss: 0.0006
2025-04-26 09:46:29 INFO: Epoch 079 - Loss: 0.0005
2025-04-26 09:46:29 INFO: Epoch 080 - Loss: 0.0005
2025-04-26 09:46:29 INFO: Epoch 081 - Loss: 0.0005
2025-04-26 09:46:30 INFO: Epoch 082 - Loss: 0.0005
2025-04-26 09:46:30 INFO: Epoch 083 - Loss: 0.0005
2025-04-26 09:46:30 INFO: Epoch 084 - Loss: 0.0005
2025-04-26 09:46:31 INFO: Epoch 085 - Loss: 0.0004
2025-04-26 09:46:31 INFO: Epoch 086 - Loss: 0.0004
2025-04-26 09:46:31 INFO: Epoch 087 - Loss: 0.0005
2025-04-26 09:46:32 INFO: Epoch 088 - Loss: 0.0004
2025-04-26 09:46:32 INFO: Epoch 089 - Loss: 0.0004
2025-04-26 09:46:32 INFO: Epoch 090 - Loss: 0.0004
2025-04-26 09:46:33 INFO: Epoch 091 - Loss: 0.0004
2025-04-26 09:46:33 INFO: Epoch 092 - Loss: 0.0004
2025-04-26 09:46:33 INFO: Epoch 093 - Loss: 0.0003
2025-04-26 09:46:34 INFO: Epoch 094 - Loss: 0.0003
2025-04-26 09:46:34 INFO: Epoch 095 - Loss: 0.0003
2025-04-26 09:46:34 INFO: Epoch 096 - Loss: 0.0003
2025-04-26 09:46:34 INFO: Epoch 097 - Loss: 0.0003
2025-04-26 09:46:35 INFO: Epoch 098 - Loss: 0.0003
2025-04-26 09:46:35 INFO: Epoch 099 - Loss: 0.0003
2025-04-26 09:46:35 INFO: Epoch 100 - Loss: 0.0003
2025-04-26 09:46:35 INFO: Test Accuracy: 94.01%
2025-04-26 09:46:35 INFO: Confusion Matrix:
[[114   2]
 [ 11  90]]
2025-04-26 12:26:10 INFO: Epoch 001 - Loss: 17.2127
2025-04-26 12:26:10 INFO: Epoch 002 - Loss: 10.6088
2025-04-26 12:26:10 INFO: Epoch 003 - Loss: 10.1541
2025-04-26 12:26:10 INFO: Epoch 004 - Loss: 9.9339
2025-04-26 12:26:11 INFO: Epoch 005 - Loss: 9.8945
2025-04-26 12:26:11 INFO: Epoch 006 - Loss: 9.2919
2025-04-26 12:26:11 INFO: Epoch 007 - Loss: 8.5860
2025-04-26 12:26:11 INFO: Epoch 008 - Loss: 7.7540
2025-04-26 12:26:12 INFO: Epoch 009 - Loss: 6.1520
2025-04-26 12:26:12 INFO: Epoch 010 - Loss: 4.3403
2025-04-26 12:26:12 INFO: Epoch 011 - Loss: 4.7411
2025-04-26 12:26:12 INFO: Epoch 012 - Loss: 3.0208
2025-04-26 12:26:13 INFO: Epoch 013 - Loss: 2.6544
2025-04-26 12:26:13 INFO: Epoch 014 - Loss: 2.3531
2025-04-26 12:26:13 INFO: Epoch 015 - Loss: 3.6431
2025-04-26 12:26:13 INFO: Epoch 016 - Loss: 2.2375
2025-04-26 12:26:14 INFO: Epoch 017 - Loss: 1.6798
2025-04-26 12:26:14 INFO: Epoch 018 - Loss: 1.7175
2025-04-26 12:26:14 INFO: Epoch 019 - Loss: 1.6300
2025-04-26 12:26:14 INFO: Epoch 020 - Loss: 3.5446
2025-04-26 12:26:15 INFO: Epoch 021 - Loss: 1.7649
2025-04-26 12:26:15 INFO: Epoch 022 - Loss: 1.5097
2025-04-26 12:26:15 INFO: Epoch 023 - Loss: 1.4330
2025-04-26 12:26:16 INFO: Epoch 024 - Loss: 1.7234
2025-04-26 12:26:16 INFO: Epoch 025 - Loss: 6.3826
2025-04-26 12:26:16 INFO: Epoch 026 - Loss: 3.4650
2025-04-26 12:26:16 INFO: Epoch 027 - Loss: 3.3709
2025-04-26 12:26:17 INFO: Epoch 028 - Loss: 2.4365
2025-04-26 12:26:17 INFO: Epoch 029 - Loss: 1.3251
2025-04-26 12:26:17 INFO: Epoch 030 - Loss: 1.1894
2025-04-26 12:26:17 INFO: Epoch 031 - Loss: 0.7710
2025-04-26 12:26:18 INFO: Epoch 032 - Loss: 0.9777
2025-04-26 12:26:18 INFO: Epoch 033 - Loss: 0.9349
2025-04-26 12:26:18 INFO: Epoch 034 - Loss: 0.7045
2025-04-26 12:26:18 INFO: Epoch 035 - Loss: 0.9322
2025-04-26 12:26:19 INFO: Epoch 036 - Loss: 0.5669
2025-04-26 12:26:19 INFO: Epoch 037 - Loss: 0.5940
2025-04-26 12:26:19 INFO: Epoch 038 - Loss: 0.8709
2025-04-26 12:26:19 INFO: Epoch 039 - Loss: 0.7882
2025-04-26 12:26:20 INFO: Epoch 040 - Loss: 1.1156
2025-04-26 12:26:20 INFO: Epoch 041 - Loss: 0.8901
2025-04-26 12:26:20 INFO: Epoch 042 - Loss: 0.5820
2025-04-26 12:26:21 INFO: Epoch 043 - Loss: 0.8272
2025-04-26 12:26:21 INFO: Epoch 044 - Loss: 0.4216
2025-04-26 12:26:21 INFO: Epoch 045 - Loss: 0.3947
2025-04-26 12:26:21 INFO: Epoch 046 - Loss: 0.2800
2025-04-26 12:26:22 INFO: Epoch 047 - Loss: 0.2648
2025-04-26 12:26:22 INFO: Epoch 048 - Loss: 0.1994
2025-04-26 12:26:22 INFO: Epoch 049 - Loss: 0.1469
2025-04-26 12:26:22 INFO: Epoch 050 - Loss: 0.1108
2025-04-26 12:26:23 INFO: Epoch 051 - Loss: 0.0704
2025-04-26 12:26:23 INFO: Epoch 052 - Loss: 0.0814
2025-04-26 12:26:23 INFO: Epoch 053 - Loss: 0.0432
2025-04-26 12:26:23 INFO: Epoch 054 - Loss: 0.0302
2025-04-26 12:26:24 INFO: Epoch 055 - Loss: 0.0201
2025-04-26 12:26:24 INFO: Epoch 056 - Loss: 0.0157
2025-04-26 12:26:24 INFO: Epoch 057 - Loss: 0.0129
2025-04-26 12:26:24 INFO: Epoch 058 - Loss: 0.0119
2025-04-26 12:26:25 INFO: Epoch 059 - Loss: 0.0111
2025-04-26 12:26:25 INFO: Epoch 060 - Loss: 0.0093
2025-04-26 12:26:25 INFO: Epoch 061 - Loss: 0.0243
2025-04-26 12:26:25 INFO: Epoch 062 - Loss: 0.0766
2025-04-26 12:26:26 INFO: Epoch 063 - Loss: 3.3928
2025-04-26 12:26:26 INFO: Epoch 064 - Loss: 2.5440
2025-04-26 12:26:26 INFO: Epoch 065 - Loss: 1.2016
2025-04-26 12:26:27 INFO: Epoch 066 - Loss: 0.5312
2025-04-26 12:26:27 INFO: Epoch 067 - Loss: 1.1127
2025-04-26 12:26:27 INFO: Epoch 068 - Loss: 0.8721
2025-04-26 12:26:27 INFO: Epoch 069 - Loss: 0.6949
2025-04-26 12:26:28 INFO: Epoch 070 - Loss: 1.2625
2025-04-26 12:26:28 INFO: Epoch 071 - Loss: 0.3657
2025-04-26 12:26:28 INFO: Epoch 072 - Loss: 0.1295
2025-04-26 12:26:28 INFO: Epoch 073 - Loss: 0.0794
2025-04-26 12:26:29 INFO: Epoch 074 - Loss: 0.0428
2025-04-26 12:26:29 INFO: Epoch 075 - Loss: 0.0338
2025-04-26 12:26:29 INFO: Epoch 076 - Loss: 0.0292
2025-04-26 12:26:29 INFO: Epoch 077 - Loss: 0.0193
2025-04-26 12:26:30 INFO: Epoch 078 - Loss: 0.0162
2025-04-26 12:26:30 INFO: Epoch 079 - Loss: 0.0153
2025-04-26 12:26:30 INFO: Epoch 080 - Loss: 0.0123
2025-04-26 12:26:30 INFO: Epoch 081 - Loss: 0.0100
2025-04-26 12:26:31 INFO: Epoch 082 - Loss: 0.0085
2025-04-26 12:26:31 INFO: Epoch 083 - Loss: 0.0083
2025-04-26 12:26:31 INFO: Epoch 084 - Loss: 0.0074
2025-04-26 12:26:32 INFO: Epoch 085 - Loss: 0.0064
2025-04-26 12:26:32 INFO: Epoch 086 - Loss: 0.0058
2025-04-26 12:26:32 INFO: Epoch 087 - Loss: 0.0055
2025-04-26 12:26:33 INFO: Epoch 088 - Loss: 0.0049
2025-04-26 12:26:33 INFO: Epoch 089 - Loss: 0.0045
2025-04-26 12:26:33 INFO: Epoch 090 - Loss: 0.0041
2025-04-26 12:26:34 INFO: Epoch 091 - Loss: 0.0039
2025-04-26 12:26:34 INFO: Epoch 092 - Loss: 0.0036
2025-04-26 12:26:34 INFO: Epoch 093 - Loss: 0.0035
2025-04-26 12:26:35 INFO: Epoch 094 - Loss: 0.0033
2025-04-26 12:26:35 INFO: Epoch 095 - Loss: 0.0029
2025-04-26 12:26:35 INFO: Epoch 096 - Loss: 0.0028
2025-04-26 12:26:35 INFO: Epoch 097 - Loss: 0.0026
2025-04-26 12:26:36 INFO: Epoch 098 - Loss: 0.0028
2025-04-26 12:26:36 INFO: Epoch 099 - Loss: 0.0025
2025-04-26 12:26:36 INFO: Epoch 100 - Loss: 0.0023
2025-04-26 12:26:36 INFO: Test Accuracy: 96.77%
2025-04-26 12:26:36 INFO: Confusion Matrix:
[[113   3]
 [  4  97]]
2025-05-04 20:41:09 INFO: Epoch 001 - Loss: 16.0085
2025-05-04 20:41:09 INFO: Epoch 002 - Loss: 10.6939
2025-05-04 20:41:10 INFO: Epoch 003 - Loss: 9.8730
2025-05-04 20:41:10 INFO: Epoch 004 - Loss: 10.1779
2025-05-04 20:41:10 INFO: Epoch 005 - Loss: 10.1325
2025-05-04 20:41:11 INFO: Epoch 006 - Loss: 8.9791
2025-05-04 20:41:11 INFO: Epoch 007 - Loss: 9.1150
2025-05-04 20:41:11 INFO: Epoch 008 - Loss: 8.1835
2025-05-04 20:41:11 INFO: Epoch 009 - Loss: 7.3354
2025-05-04 20:41:12 INFO: Epoch 010 - Loss: 5.5625
2025-05-04 20:41:12 INFO: Epoch 011 - Loss: 4.8127
2025-05-04 20:41:12 INFO: Epoch 012 - Loss: 3.2774
2025-05-04 20:41:12 INFO: Epoch 013 - Loss: 4.5722
2025-05-04 20:41:13 INFO: Epoch 014 - Loss: 3.2535
2025-05-04 20:41:13 INFO: Epoch 015 - Loss: 2.8949
2025-05-04 20:41:13 INFO: Epoch 016 - Loss: 3.0138
2025-05-04 20:41:14 INFO: Epoch 017 - Loss: 3.4495
2025-05-04 20:41:14 INFO: Epoch 018 - Loss: 4.3296
2025-05-04 20:41:14 INFO: Epoch 019 - Loss: 2.0884
2025-05-04 20:41:14 INFO: Epoch 020 - Loss: 2.6395
2025-05-04 20:41:15 INFO: Epoch 021 - Loss: 1.9928
2025-05-04 20:41:15 INFO: Epoch 022 - Loss: 1.7679
2025-05-04 20:41:15 INFO: Epoch 023 - Loss: 1.3473
2025-05-04 20:41:15 INFO: Epoch 024 - Loss: 1.6652
2025-05-04 20:41:16 INFO: Epoch 025 - Loss: 1.2757
2025-05-04 20:41:16 INFO: Epoch 026 - Loss: 1.2788
2025-05-04 20:41:16 INFO: Epoch 027 - Loss: 1.5856
2025-05-04 20:41:16 INFO: Epoch 028 - Loss: 1.0361
2025-05-04 20:41:17 INFO: Epoch 029 - Loss: 0.9630
2025-05-04 20:41:17 INFO: Epoch 030 - Loss: 0.6364
2025-05-04 20:41:17 INFO: Epoch 031 - Loss: 0.8662
2025-05-04 20:41:17 INFO: Epoch 032 - Loss: 1.7889
2025-05-04 20:41:18 INFO: Epoch 033 - Loss: 0.8884
2025-05-04 20:41:18 INFO: Epoch 034 - Loss: 1.4164
2025-05-04 20:41:18 INFO: Epoch 035 - Loss: 0.7836
2025-05-04 20:41:18 INFO: Epoch 036 - Loss: 0.7534
2025-05-04 20:41:19 INFO: Epoch 037 - Loss: 0.7833
2025-05-04 20:41:19 INFO: Epoch 038 - Loss: 0.4276
2025-05-04 20:41:19 INFO: Epoch 039 - Loss: 0.3587
2025-05-04 20:41:20 INFO: Epoch 040 - Loss: 0.5972
2025-05-04 20:41:20 INFO: Epoch 041 - Loss: 0.5208
2025-05-04 20:41:20 INFO: Epoch 042 - Loss: 0.6870
2025-05-04 20:41:20 INFO: Epoch 043 - Loss: 1.1556
2025-05-04 20:41:21 INFO: Epoch 044 - Loss: 0.8217
2025-05-04 20:41:21 INFO: Epoch 045 - Loss: 1.5154
2025-05-04 20:41:21 INFO: Epoch 046 - Loss: 2.0454
2025-05-04 20:41:21 INFO: Epoch 047 - Loss: 0.5962
2025-05-04 20:41:22 INFO: Epoch 048 - Loss: 0.4042
2025-05-04 20:41:22 INFO: Epoch 049 - Loss: 0.5277
2025-05-04 20:41:22 INFO: Epoch 050 - Loss: 0.3764
2025-05-04 20:41:22 INFO: Epoch 051 - Loss: 0.3132
2025-05-04 20:41:23 INFO: Epoch 052 - Loss: 0.4640
2025-05-04 20:41:23 INFO: Epoch 053 - Loss: 0.4204
2025-05-04 20:41:23 INFO: Epoch 054 - Loss: 0.0622
2025-05-04 20:41:23 INFO: Epoch 055 - Loss: 0.0335
2025-05-04 20:41:24 INFO: Epoch 056 - Loss: 0.0164
2025-05-04 20:41:24 INFO: Epoch 057 - Loss: 0.0571
2025-05-04 20:41:24 INFO: Epoch 058 - Loss: 1.3414
2025-05-04 20:41:24 INFO: Epoch 059 - Loss: 0.4918
2025-05-04 20:41:25 INFO: Epoch 060 - Loss: 0.6771
2025-05-04 20:41:25 INFO: Epoch 061 - Loss: 0.3188
2025-05-04 20:41:25 INFO: Epoch 062 - Loss: 0.1000
2025-05-04 20:41:26 INFO: Epoch 063 - Loss: 0.0300
2025-05-04 20:41:26 INFO: Epoch 064 - Loss: 0.0149
2025-05-04 20:41:26 INFO: Epoch 065 - Loss: 0.0107
2025-05-04 20:41:26 INFO: Epoch 066 - Loss: 0.0075
2025-05-04 20:41:27 INFO: Epoch 067 - Loss: 0.0061
2025-05-04 20:41:27 INFO: Epoch 068 - Loss: 0.0053
2025-05-04 20:41:27 INFO: Epoch 069 - Loss: 0.0046
2025-05-04 20:41:27 INFO: Epoch 070 - Loss: 0.0041
2025-05-04 20:41:28 INFO: Epoch 071 - Loss: 0.0037
2025-05-04 20:41:28 INFO: Epoch 072 - Loss: 0.0034
2025-05-04 20:41:28 INFO: Epoch 073 - Loss: 0.0031
2025-05-04 20:41:28 INFO: Epoch 074 - Loss: 0.0028
2025-05-04 20:41:29 INFO: Epoch 075 - Loss: 0.0026
2025-05-04 20:41:29 INFO: Epoch 076 - Loss: 0.0024
2025-05-04 20:41:29 INFO: Epoch 077 - Loss: 0.0023
2025-05-04 20:41:29 INFO: Epoch 078 - Loss: 0.0021
2025-05-04 20:41:30 INFO: Epoch 079 - Loss: 0.0020
2025-05-04 20:41:30 INFO: Epoch 080 - Loss: 0.0019
2025-05-04 20:41:30 INFO: Epoch 081 - Loss: 0.0029
2025-05-04 20:41:31 INFO: Epoch 082 - Loss: 0.0017
2025-05-04 20:41:31 INFO: Epoch 083 - Loss: 0.0015
2025-05-04 20:41:31 INFO: Epoch 084 - Loss: 0.0015
2025-05-04 20:41:32 INFO: Epoch 085 - Loss: 0.0014
2025-05-04 20:41:32 INFO: Epoch 086 - Loss: 0.0013
2025-05-04 20:41:32 INFO: Epoch 087 - Loss: 0.0013
2025-05-04 20:41:33 INFO: Epoch 088 - Loss: 0.0012
2025-05-04 20:41:33 INFO: Epoch 089 - Loss: 0.0012
2025-05-04 20:41:34 INFO: Epoch 090 - Loss: 0.0011
2025-05-04 20:41:34 INFO: Epoch 091 - Loss: 0.0011
2025-05-04 20:41:34 INFO: Epoch 092 - Loss: 0.0010
2025-05-04 20:41:35 INFO: Epoch 093 - Loss: 0.0010
2025-05-04 20:41:35 INFO: Epoch 094 - Loss: 0.0009
2025-05-04 20:41:35 INFO: Epoch 095 - Loss: 0.0009
2025-05-04 20:41:36 INFO: Epoch 096 - Loss: 0.0009
2025-05-04 20:41:36 INFO: Epoch 097 - Loss: 0.0008
2025-05-04 20:41:36 INFO: Epoch 098 - Loss: 0.0013
2025-05-04 20:41:37 INFO: Epoch 099 - Loss: 0.0008
2025-05-04 20:41:37 INFO: Epoch 100 - Loss: 0.0007
2025-05-04 20:41:37 INFO: Test Accuracy: 94.93%
Precision: 0.9787
Recall:    0.9109
F1 Score:  0.9436
2025-05-04 20:41:37 INFO: Confusion Matrix:
[[114   2]
 [  9  92]]
2025-05-04 20:51:44 INFO: Epoch 001 - Loss: 16.6012
2025-05-04 20:51:44 INFO: Epoch 002 - Loss: 11.2045
2025-05-04 20:51:44 INFO: Epoch 003 - Loss: 11.1249
2025-05-04 20:51:44 INFO: Epoch 004 - Loss: 9.5779
2025-05-04 20:51:45 INFO: Epoch 005 - Loss: 9.1573
2025-05-04 20:51:45 INFO: Epoch 006 - Loss: 8.1746
2025-05-04 20:51:45 INFO: Epoch 007 - Loss: 7.2820
2025-05-04 20:51:45 INFO: Epoch 008 - Loss: 7.0558
2025-05-04 20:51:46 INFO: Epoch 009 - Loss: 4.6228
2025-05-04 20:51:46 INFO: Epoch 010 - Loss: 5.8070
2025-05-04 20:51:46 INFO: Epoch 011 - Loss: 3.9487
2025-05-04 20:51:46 INFO: Epoch 012 - Loss: 3.1655
2025-05-04 20:51:47 INFO: Epoch 013 - Loss: 3.5154
2025-05-04 20:51:47 INFO: Epoch 014 - Loss: 2.7239
2025-05-04 20:51:47 INFO: Epoch 015 - Loss: 2.5369
2025-05-04 20:51:48 INFO: Epoch 016 - Loss: 2.6069
2025-05-04 20:51:48 INFO: Epoch 017 - Loss: 2.2007
2025-05-04 20:51:48 INFO: Epoch 018 - Loss: 1.9878
2025-05-04 20:51:48 INFO: Epoch 019 - Loss: 1.6102
2025-05-04 20:51:49 INFO: Epoch 020 - Loss: 1.8316
2025-05-04 20:51:49 INFO: Epoch 021 - Loss: 1.8710
2025-05-04 20:51:49 INFO: Epoch 022 - Loss: 1.7296
2025-05-04 20:51:49 INFO: Epoch 023 - Loss: 1.2466
2025-05-04 20:51:50 INFO: Epoch 024 - Loss: 2.1729
2025-05-04 20:51:50 INFO: Epoch 025 - Loss: 1.7327
2025-05-04 20:51:50 INFO: Epoch 026 - Loss: 1.0161
2025-05-04 20:51:51 INFO: Epoch 027 - Loss: 0.9523
2025-05-04 20:51:51 INFO: Epoch 028 - Loss: 0.6010
2025-05-04 20:51:51 INFO: Epoch 029 - Loss: 1.5196
2025-05-04 20:51:52 INFO: Epoch 030 - Loss: 1.2880
2025-05-04 20:51:52 INFO: Epoch 031 - Loss: 0.7690
2025-05-04 20:51:52 INFO: Epoch 032 - Loss: 1.2682
2025-05-04 20:51:53 INFO: Epoch 033 - Loss: 4.4852
2025-05-04 20:51:53 INFO: Epoch 034 - Loss: 1.2847
2025-05-04 20:51:53 INFO: Epoch 035 - Loss: 0.7116
2025-05-04 20:51:54 INFO: Epoch 036 - Loss: 0.5976
2025-05-04 20:51:54 INFO: Epoch 037 - Loss: 0.6596
2025-05-04 20:51:54 INFO: Epoch 038 - Loss: 1.5033
2025-05-04 20:51:55 INFO: Epoch 039 - Loss: 0.9472
2025-05-04 20:51:55 INFO: Epoch 040 - Loss: 0.4565
2025-05-04 20:51:56 INFO: Epoch 041 - Loss: 0.2700
2025-05-04 20:51:57 INFO: Epoch 042 - Loss: 0.2126
2025-05-04 20:51:58 INFO: Epoch 043 - Loss: 0.2619
2025-05-04 20:51:59 INFO: Epoch 044 - Loss: 0.1106
2025-05-04 20:52:00 INFO: Epoch 045 - Loss: 0.0661
2025-05-04 20:52:01 INFO: Epoch 046 - Loss: 0.0315
2025-05-04 20:52:02 INFO: Epoch 047 - Loss: 0.0211
2025-05-04 20:52:03 INFO: Epoch 048 - Loss: 0.0146
2025-05-04 20:52:04 INFO: Epoch 049 - Loss: 0.0117
2025-05-04 20:52:05 INFO: Epoch 050 - Loss: 0.0099
2025-05-04 20:52:07 INFO: Epoch 051 - Loss: 0.0087
2025-05-04 20:52:08 INFO: Epoch 052 - Loss: 0.0078
2025-05-04 20:52:09 INFO: Epoch 053 - Loss: 0.0066
2025-05-04 20:52:11 INFO: Epoch 054 - Loss: 0.0061
2025-05-04 20:52:12 INFO: Epoch 055 - Loss: 0.0058
2025-05-04 20:52:13 INFO: Epoch 056 - Loss: 0.0050
2025-05-04 20:52:13 INFO: Epoch 057 - Loss: 0.0046
2025-05-04 20:52:14 INFO: Epoch 058 - Loss: 0.0042
2025-05-04 20:52:14 INFO: Epoch 059 - Loss: 0.0040
2025-05-04 20:52:14 INFO: Epoch 060 - Loss: 0.0036
2025-05-04 20:52:15 INFO: Epoch 061 - Loss: 0.0034
2025-05-04 20:52:15 INFO: Epoch 062 - Loss: 0.0032
2025-05-04 20:52:15 INFO: Epoch 063 - Loss: 0.0029
2025-05-04 20:52:16 INFO: Epoch 064 - Loss: 0.0028
2025-05-04 20:52:16 INFO: Epoch 065 - Loss: 0.0026
2025-05-04 20:52:16 INFO: Epoch 066 - Loss: 0.0025
2025-05-04 20:52:16 INFO: Epoch 067 - Loss: 0.0023
2025-05-04 20:52:17 INFO: Epoch 068 - Loss: 0.0022
2025-05-04 20:52:17 INFO: Epoch 069 - Loss: 0.0023
2025-05-04 20:52:17 INFO: Epoch 070 - Loss: 0.0020
2025-05-04 20:52:17 INFO: Epoch 071 - Loss: 0.0023
2025-05-04 20:52:18 INFO: Epoch 072 - Loss: 0.0018
2025-05-04 20:52:18 INFO: Epoch 073 - Loss: 0.0017
2025-05-04 20:52:18 INFO: Epoch 074 - Loss: 0.0016
2025-05-04 20:52:18 INFO: Epoch 075 - Loss: 0.0015
2025-05-04 20:52:19 INFO: Epoch 076 - Loss: 0.0015
2025-05-04 20:52:19 INFO: Epoch 077 - Loss: 0.0016
2025-05-04 20:52:20 INFO: Epoch 078 - Loss: 0.0013
2025-05-04 20:52:21 INFO: Epoch 079 - Loss: 0.0013
2025-05-04 20:52:23 INFO: Epoch 080 - Loss: 0.0013
2025-05-04 20:52:24 INFO: Epoch 081 - Loss: 0.0012
2025-05-04 20:52:25 INFO: Epoch 082 - Loss: 0.0013
2025-05-04 20:52:25 INFO: Epoch 083 - Loss: 0.0011
2025-05-04 20:52:25 INFO: Epoch 084 - Loss: 0.0010
2025-05-04 20:52:25 INFO: Epoch 085 - Loss: 0.0010
2025-05-04 20:52:26 INFO: Epoch 086 - Loss: 0.0010
2025-05-04 20:52:26 INFO: Epoch 087 - Loss: 0.0009
2025-05-04 20:52:26 INFO: Epoch 088 - Loss: 0.0009
2025-05-04 20:52:26 INFO: Epoch 089 - Loss: 0.0009
2025-05-04 20:52:27 INFO: Epoch 090 - Loss: 0.0008
2025-05-04 20:52:27 INFO: Epoch 091 - Loss: 0.0008
2025-05-04 20:52:27 INFO: Epoch 092 - Loss: 0.0008
2025-05-04 20:52:28 INFO: Epoch 093 - Loss: 0.0007
2025-05-04 20:52:28 INFO: Epoch 094 - Loss: 0.0007
2025-05-04 20:52:28 INFO: Epoch 095 - Loss: 0.0007
2025-05-04 20:52:28 INFO: Epoch 096 - Loss: 0.0007
2025-05-04 20:52:29 INFO: Epoch 097 - Loss: 0.0007
2025-05-04 20:52:29 INFO: Epoch 098 - Loss: 0.0006
2025-05-04 20:52:29 INFO: Epoch 099 - Loss: 0.0007
2025-05-04 20:52:30 INFO: Epoch 100 - Loss: 0.0006
2025-05-04 20:52:30 INFO: Test Accuracy: 94.47%
Precision: 0.9785
Recall:    0.9010
F1 Score:  0.9381
2025-05-04 20:52:30 INFO: Classification Report:
                 precision    recall  f1-score   support

Non-Epitope (0)       0.92      0.98      0.95       116
    Epitope (1)       0.98      0.90      0.94       101

       accuracy                           0.94       217
      macro avg       0.95      0.94      0.94       217
   weighted avg       0.95      0.94      0.94       217

2025-05-04 20:52:30 INFO: Confusion Matrix:
[[114   2]
 [ 10  91]]
